{
  "numFailedTestSuites": 0,
  "numFailedTests": 0,
  "numPassedTestSuites": 34,
  "numPassedTests": 275,
  "numPendingTestSuites": 0,
  "numPendingTests": 0,
  "numRuntimeErrorTestSuites": 0,
  "numTodoTests": 0,
  "numTotalTestSuites": 34,
  "numTotalTests": 275,
  "openHandles": [],
  "snapshot": {
    "added": 0,
    "didUpdate": false,
    "failure": false,
    "filesAdded": 0,
    "filesRemoved": 0,
    "filesRemovedList": [],
    "filesUnmatched": 0,
    "filesUpdated": 0,
    "matched": 0,
    "total": 0,
    "unchecked": 0,
    "uncheckedKeysByFile": [],
    "unmatched": 0,
    "updated": 0
  },
  "startTime": 1778444758214,
  "success": true,
  "testResults": [
    {
      "assertionResults": [
        {
          "ancestorTitles": ["useTerminal"],
          "duration": 39,
          "failing": false,
          "failureDetails": [],
          "failureMessages": [],
          "fullName": "useTerminal starts in booting state with empty history",
          "invocations": 1,
          "location": null,
          "numPassingAsserts": 2,
          "retryReasons": [],
          "startAt": 1778444760738,
          "status": "passed",
          "title": "starts in booting state with empty history"
        },
        {
          "ancestorTitles": ["useTerminal"],
          "duration": 15,
          "failing": false,
          "failureDetails": [],
          "failureMessages": [],
          "fullName": "useTerminal replays boot commands sequentially using accumulated delays",
          "invocations": 1,
          "location": null,
          "numPassingAsserts": 4,
          "retryReasons": [],
          "startAt": 1778444760781,
          "status": "passed",
          "title": "replays boot commands sequentially using accumulated delays"
        },
        {
          "ancestorTitles": ["useTerminal"],
          "duration": 17,
          "failing": false,
          "failureDetails": [],
          "failureMessages": [],
          "fullName": "useTerminal marks isBooting false 500ms after the last command fires",
          "invocations": 1,
          "location": null,
          "numPassingAsserts": 2,
          "retryReasons": [],
          "startAt": 1778444760796,
          "status": "passed",
          "title": "marks isBooting false 500ms after the last command fires"
        },
        {
          "ancestorTitles": ["useTerminal"],
          "duration": 15,
          "failing": false,
          "failureDetails": [],
          "failureMessages": [],
          "fullName": "useTerminal execute() appends a user entry with processor output",
          "invocations": 1,
          "location": null,
          "numPassingAsserts": 4,
          "retryReasons": [],
          "startAt": 1778444760813,
          "status": "passed",
          "title": "execute() appends a user entry with processor output"
        },
        {
          "ancestorTitles": ["useTerminal"],
          "duration": 12,
          "failing": false,
          "failureDetails": [],
          "failureMessages": [],
          "fullName": "useTerminal execute(\"clear\") resets history to empty",
          "invocations": 1,
          "location": null,
          "numPassingAsserts": 2,
          "retryReasons": [],
          "startAt": 1778444760829,
          "status": "passed",
          "title": "execute(\"clear\") resets history to empty"
        },
        {
          "ancestorTitles": ["useTerminal"],
          "duration": 12,
          "failing": false,
          "failureDetails": [],
          "failureMessages": [],
          "fullName": "useTerminal stops boot sequence and clears timeouts when execute(\"clear\") is called during boot",
          "invocations": 1,
          "location": null,
          "numPassingAsserts": 5,
          "retryReasons": [],
          "startAt": 1778444760842,
          "status": "passed",
          "title": "stops boot sequence and clears timeouts when execute(\"clear\") is called during boot"
        },
        {
          "ancestorTitles": ["useTerminal"],
          "duration": 7,
          "failing": false,
          "failureDetails": [],
          "failureMessages": [],
          "fullName": "useTerminal execute(\"limpiar\") also resets history (ES alias for clear)",
          "invocations": 1,
          "location": null,
          "numPassingAsserts": 2,
          "retryReasons": [],
          "startAt": 1778444760854,
          "status": "passed",
          "title": "execute(\"limpiar\") also resets history (ES alias for clear)"
        },
        {
          "ancestorTitles": ["useTerminal"],
          "duration": 8,
          "failing": false,
          "failureDetails": [],
          "failureMessages": [],
          "fullName": "useTerminal execute() is a no-op for blank/whitespace input",
          "invocations": 1,
          "location": null,
          "numPassingAsserts": 2,
          "retryReasons": [],
          "startAt": 1778444760862,
          "status": "passed",
          "title": "execute() is a no-op for blank/whitespace input"
        },
        {
          "ancestorTitles": ["useTerminal"],
          "duration": 12,
          "failing": false,
          "failureDetails": [],
          "failureMessages": [],
          "fullName": "useTerminal uses the 800ms fallback when a command has no delay (undefined)",
          "invocations": 1,
          "location": null,
          "numPassingAsserts": 3,
          "retryReasons": [],
          "startAt": 1778444760870,
          "status": "passed",
          "title": "uses the 800ms fallback when a command has no delay (undefined)"
        },
        {
          "ancestorTitles": ["useTerminal"],
          "duration": 8,
          "failing": false,
          "failureDetails": [],
          "failureMessages": [],
          "fullName": "useTerminal fires immediately when a command has delay: 0",
          "invocations": 1,
          "location": null,
          "numPassingAsserts": 2,
          "retryReasons": [],
          "startAt": 1778444760883,
          "status": "passed",
          "title": "fires immediately when a command has delay: 0"
        },
        {
          "ancestorTitles": ["useTerminal"],
          "duration": 5,
          "failing": false,
          "failureDetails": [],
          "failureMessages": [],
          "fullName": "useTerminal clears all pending timeouts on unmount",
          "invocations": 1,
          "location": null,
          "numPassingAsserts": 1,
          "retryReasons": [],
          "startAt": 1778444760891,
          "status": "passed",
          "title": "clears all pending timeouts on unmount"
        },
        {
          "ancestorTitles": ["useTerminal — command history navigation"],
          "duration": 6,
          "failing": false,
          "failureDetails": [],
          "failureMessages": [],
          "fullName": "useTerminal — command history navigation navigateHistory up returns currentInput when history is empty",
          "invocations": 1,
          "location": null,
          "numPassingAsserts": 1,
          "retryReasons": [],
          "startAt": 1778444760897,
          "status": "passed",
          "title": "navigateHistory up returns currentInput when history is empty"
        },
        {
          "ancestorTitles": ["useTerminal — command history navigation"],
          "duration": 10,
          "failing": false,
          "failureDetails": [],
          "failureMessages": [],
          "fullName": "useTerminal — command history navigation navigateHistory up returns the most recently executed command",
          "invocations": 1,
          "location": null,
          "numPassingAsserts": 1,
          "retryReasons": [],
          "startAt": 1778444760904,
          "status": "passed",
          "title": "navigateHistory up returns the most recently executed command"
        },
        {
          "ancestorTitles": ["useTerminal — command history navigation"],
          "duration": 7,
          "failing": false,
          "failureDetails": [],
          "failureMessages": [],
          "fullName": "useTerminal — command history navigation navigateHistory up steps backward through history on successive calls",
          "invocations": 1,
          "location": null,
          "numPassingAsserts": 2,
          "retryReasons": [],
          "startAt": 1778444760915,
          "status": "passed",
          "title": "navigateHistory up steps backward through history on successive calls"
        },
        {
          "ancestorTitles": ["useTerminal — command history navigation"],
          "duration": 9,
          "failing": false,
          "failureDetails": [],
          "failureMessages": [],
          "fullName": "useTerminal — command history navigation navigateHistory up clamps at the oldest entry",
          "invocations": 1,
          "location": null,
          "numPassingAsserts": 1,
          "retryReasons": [],
          "startAt": 1778444760922,
          "status": "passed",
          "title": "navigateHistory up clamps at the oldest entry"
        },
        {
          "ancestorTitles": ["useTerminal — command history navigation"],
          "duration": 17,
          "failing": false,
          "failureDetails": [],
          "failureMessages": [],
          "fullName": "useTerminal — command history navigation navigateHistory down at index -1 returns currentInput unchanged",
          "invocations": 1,
          "location": null,
          "numPassingAsserts": 1,
          "retryReasons": [],
          "startAt": 1778444760932,
          "status": "passed",
          "title": "navigateHistory down at index -1 returns currentInput unchanged"
        },
        {
          "ancestorTitles": ["useTerminal — command history navigation"],
          "duration": 6,
          "failing": false,
          "failureDetails": [],
          "failureMessages": [],
          "fullName": "useTerminal — command history navigation navigateHistory down from index > 0 returns the newer history entry",
          "invocations": 1,
          "location": null,
          "numPassingAsserts": 1,
          "retryReasons": [],
          "startAt": 1778444760950,
          "status": "passed",
          "title": "navigateHistory down from index > 0 returns the newer history entry"
        },
        {
          "ancestorTitles": ["useTerminal — command history navigation"],
          "duration": 6,
          "failing": false,
          "failureDetails": [],
          "failureMessages": [],
          "fullName": "useTerminal — command history navigation navigateHistory down after up restores the saved draft",
          "invocations": 1,
          "location": null,
          "numPassingAsserts": 1,
          "retryReasons": [],
          "startAt": 1778444760956,
          "status": "passed",
          "title": "navigateHistory down after up restores the saved draft"
        },
        {
          "ancestorTitles": ["useTerminal — command history navigation"],
          "duration": 6,
          "failing": false,
          "failureDetails": [],
          "failureMessages": [],
          "fullName": "useTerminal — command history navigation execute resets navigation so next ArrowUp starts from the freshest entry",
          "invocations": 1,
          "location": null,
          "numPassingAsserts": 1,
          "retryReasons": [],
          "startAt": 1778444760963,
          "status": "passed",
          "title": "execute resets navigation so next ArrowUp starts from the freshest entry"
        },
        {
          "ancestorTitles": ["useTerminal — command history navigation"],
          "duration": 12,
          "failing": false,
          "failureDetails": [],
          "failureMessages": [],
          "fullName": "useTerminal — command history navigation skips consecutive duplicate commands in history",
          "invocations": 1,
          "location": null,
          "numPassingAsserts": 1,
          "retryReasons": [],
          "startAt": 1778444760970,
          "status": "passed",
          "title": "skips consecutive duplicate commands in history"
        },
        {
          "ancestorTitles": ["useTerminal — command history navigation"],
          "duration": 11,
          "failing": false,
          "failureDetails": [],
          "failureMessages": [],
          "fullName": "useTerminal — command history navigation clear is recorded in history so it can be recalled with ArrowUp",
          "invocations": 1,
          "location": null,
          "numPassingAsserts": 1,
          "retryReasons": [],
          "startAt": 1778444760982,
          "status": "passed",
          "title": "clear is recorded in history so it can be recalled with ArrowUp"
        }
      ],
      "endTime": 1778444760997,
      "message": "",
      "name": "/home/gestalt/Desktop/REPOS/jonathan-verdun-portfolio/src/__tests__/useTerminal.test.ts",
      "startTime": 1778444759748,
      "status": "passed",
      "summary": ""
    },
    {
      "assertionResults": [
        {
          "ancestorTitles": ["I18nProvider"],
          "duration": 28,
          "failing": false,
          "failureDetails": [],
          "failureMessages": [],
          "fullName": "I18nProvider provides English translations on the root route",
          "invocations": 1,
          "location": null,
          "numPassingAsserts": 1,
          "retryReasons": [],
          "startAt": 1778444761359,
          "status": "passed",
          "title": "provides English translations on the root route"
        },
        {
          "ancestorTitles": ["I18nProvider"],
          "duration": 6,
          "failing": false,
          "failureDetails": [],
          "failureMessages": [],
          "fullName": "I18nProvider provides Spanish translations on /es/ route",
          "invocations": 1,
          "location": null,
          "numPassingAsserts": 1,
          "retryReasons": [],
          "startAt": 1778444761388,
          "status": "passed",
          "title": "provides Spanish translations on /es/ route"
        },
        {
          "ancestorTitles": ["I18nProvider"],
          "duration": 6,
          "failing": false,
          "failureDetails": [],
          "failureMessages": [],
          "fullName": "I18nProvider provides Spanish translations on any /es/* sub-path",
          "invocations": 1,
          "location": null,
          "numPassingAsserts": 1,
          "retryReasons": [],
          "startAt": 1778444761395,
          "status": "passed",
          "title": "provides Spanish translations on any /es/* sub-path"
        },
        {
          "ancestorTitles": ["useTranslation (fallback)"],
          "duration": 7,
          "failing": false,
          "failureDetails": [],
          "failureMessages": [],
          "fullName": "useTranslation (fallback) returns English translations when used outside I18nProvider",
          "invocations": 1,
          "location": null,
          "numPassingAsserts": 1,
          "retryReasons": [],
          "startAt": 1778444761402,
          "status": "passed",
          "title": "returns English translations when used outside I18nProvider"
        },
        {
          "ancestorTitles": ["useTranslation (fallback)"],
          "duration": 5,
          "failing": false,
          "failureDetails": [],
          "failureMessages": [],
          "fullName": "useTranslation (fallback) warns in console when used outside provider in development mode",
          "invocations": 1,
          "location": null,
          "numPassingAsserts": 1,
          "retryReasons": [],
          "startAt": 1778444761409,
          "status": "passed",
          "title": "warns in console when used outside provider in development mode"
        },
        {
          "ancestorTitles": ["useTranslation (fallback)"],
          "duration": 6,
          "failing": false,
          "failureDetails": [],
          "failureMessages": [],
          "fullName": "useTranslation (fallback) en translations match expected tagline",
          "invocations": 1,
          "location": null,
          "numPassingAsserts": 1,
          "retryReasons": [],
          "startAt": 1778444761414,
          "status": "passed",
          "title": "en translations match expected tagline"
        },
        {
          "ancestorTitles": ["useTranslation (fallback)"],
          "duration": 0,
          "failing": false,
          "failureDetails": [],
          "failureMessages": [],
          "fullName": "useTranslation (fallback) es translations match expected tagline",
          "invocations": 1,
          "location": null,
          "numPassingAsserts": 1,
          "retryReasons": [],
          "startAt": 1778444761420,
          "status": "passed",
          "title": "es translations match expected tagline"
        },
        {
          "ancestorTitles": ["useTranslation (fallback)"],
          "duration": 2,
          "failing": false,
          "failureDetails": [],
          "failureMessages": [],
          "fullName": "useTranslation (fallback) en and es have the same top-level keys",
          "invocations": 1,
          "location": null,
          "numPassingAsserts": 1,
          "retryReasons": [],
          "startAt": 1778444761421,
          "status": "passed",
          "title": "en and es have the same top-level keys"
        },
        {
          "ancestorTitles": ["I18nProvider — null pathname fallback"],
          "duration": 12,
          "failing": false,
          "failureDetails": [],
          "failureMessages": [],
          "fullName": "I18nProvider — null pathname fallback falls back to English when usePathname returns null",
          "invocations": 1,
          "location": null,
          "numPassingAsserts": 1,
          "retryReasons": [],
          "startAt": 1778444761423,
          "status": "passed",
          "title": "falls back to English when usePathname returns null"
        }
      ],
      "endTime": 1778444761437,
      "message": "",
      "name": "/home/gestalt/Desktop/REPOS/jonathan-verdun-portfolio/src/__tests__/I18nContext.test.tsx",
      "startTime": 1778444761028,
      "status": "passed",
      "summary": ""
    },
    {
      "assertionResults": [
        {
          "ancestorTitles": ["HeroHeader"],
          "duration": 276,
          "failing": false,
          "failureDetails": [],
          "failureMessages": [],
          "fullName": "HeroHeader renders the name as an h1 heading",
          "invocations": 1,
          "location": null,
          "numPassingAsserts": 1,
          "retryReasons": [],
          "startAt": 1778444760998,
          "status": "passed",
          "title": "renders the name as an h1 heading"
        },
        {
          "ancestorTitles": ["HeroHeader"],
          "duration": 32,
          "failing": false,
          "failureDetails": [],
          "failureMessages": [],
          "fullName": "HeroHeader renders the tagline from siteConfig",
          "invocations": 1,
          "location": null,
          "numPassingAsserts": 1,
          "retryReasons": [],
          "startAt": 1778444761276,
          "status": "passed",
          "title": "renders the tagline from siteConfig"
        },
        {
          "ancestorTitles": ["HeroHeader"],
          "duration": 60,
          "failing": false,
          "failureDetails": [],
          "failureMessages": [],
          "fullName": "HeroHeader GitHub link has rel=\"noopener noreferrer\" and target=\"_blank\"",
          "invocations": 1,
          "location": null,
          "numPassingAsserts": 2,
          "retryReasons": [],
          "startAt": 1778444761308,
          "status": "passed",
          "title": "GitHub link has rel=\"noopener noreferrer\" and target=\"_blank\""
        },
        {
          "ancestorTitles": ["HeroHeader"],
          "duration": 43,
          "failing": false,
          "failureDetails": [],
          "failureMessages": [],
          "fullName": "HeroHeader GitHub link has a descriptive aria-label",
          "invocations": 1,
          "location": null,
          "numPassingAsserts": 1,
          "retryReasons": [],
          "startAt": 1778444761369,
          "status": "passed",
          "title": "GitHub link has a descriptive aria-label"
        },
        {
          "ancestorTitles": ["HeroHeader"],
          "duration": 50,
          "failing": false,
          "failureDetails": [],
          "failureMessages": [],
          "fullName": "HeroHeader LinkedIn link has rel=\"noopener noreferrer\" and target=\"_blank\"",
          "invocations": 1,
          "location": null,
          "numPassingAsserts": 2,
          "retryReasons": [],
          "startAt": 1778444761412,
          "status": "passed",
          "title": "LinkedIn link has rel=\"noopener noreferrer\" and target=\"_blank\""
        },
        {
          "ancestorTitles": ["HeroHeader"],
          "duration": 44,
          "failing": false,
          "failureDetails": [],
          "failureMessages": [],
          "fullName": "HeroHeader LinkedIn link has a descriptive aria-label",
          "invocations": 1,
          "location": null,
          "numPassingAsserts": 1,
          "retryReasons": [],
          "startAt": 1778444761463,
          "status": "passed",
          "title": "LinkedIn link has a descriptive aria-label"
        },
        {
          "ancestorTitles": ["HeroHeader"],
          "duration": 35,
          "failing": false,
          "failureDetails": [],
          "failureMessages": [],
          "fullName": "HeroHeader work history org link has rel=\"noopener noreferrer\" and target=\"_blank\"",
          "invocations": 1,
          "location": null,
          "numPassingAsserts": 2,
          "retryReasons": [],
          "startAt": 1778444761507,
          "status": "passed",
          "title": "work history org link has rel=\"noopener noreferrer\" and target=\"_blank\""
        },
        {
          "ancestorTitles": ["HeroHeader"],
          "duration": 36,
          "failing": false,
          "failureDetails": [],
          "failureMessages": [],
          "fullName": "HeroHeader all external links open in a new tab",
          "invocations": 1,
          "location": null,
          "numPassingAsserts": 4,
          "retryReasons": [],
          "startAt": 1778444761543,
          "status": "passed",
          "title": "all external links open in a new tab"
        }
      ],
      "endTime": 1778444761583,
      "message": "",
      "name": "/home/gestalt/Desktop/REPOS/jonathan-verdun-portfolio/src/__tests__/HeroHeader.test.tsx",
      "startTime": 1778444759760,
      "status": "passed",
      "summary": ""
    },
    {
      "assertionResults": [
        {
          "ancestorTitles": ["CommandProcessor — property-based"],
          "duration": 90,
          "failing": false,
          "failureDetails": [],
          "failureMessages": [],
          "fullName": "CommandProcessor — property-based always returns a structured response for any input",
          "invocations": 1,
          "location": null,
          "numPassingAsserts": 200,
          "retryReasons": [],
          "startAt": 1778444760860,
          "status": "passed",
          "title": "always returns a structured response for any input"
        },
        {
          "ancestorTitles": ["CommandProcessor — property-based"],
          "duration": 27,
          "failing": false,
          "failureDetails": [],
          "failureMessages": [],
          "fullName": "CommandProcessor — property-based unknown commands always echo the original input back in the error message",
          "invocations": 1,
          "location": null,
          "numPassingAsserts": 100,
          "retryReasons": [],
          "startAt": 1778444760952,
          "status": "passed",
          "title": "unknown commands always echo the original input back in the error message"
        },
        {
          "ancestorTitles": ["CommandProcessor — property-based"],
          "duration": 25,
          "failing": false,
          "failureDetails": [],
          "failureMessages": [],
          "fullName": "CommandProcessor — property-based process is case-insensitive for known commands",
          "invocations": 1,
          "location": null,
          "numPassingAsserts": 100,
          "retryReasons": [],
          "startAt": 1778444760979,
          "status": "passed",
          "title": "process is case-insensitive for known commands"
        },
        {
          "ancestorTitles": ["CommandProcessor — property-based"],
          "duration": 24,
          "failing": false,
          "failureDetails": [],
          "failureMessages": [],
          "fullName": "CommandProcessor — property-based empty-ish inputs (whitespace only) do not throw",
          "invocations": 1,
          "location": null,
          "numPassingAsserts": 100,
          "retryReasons": [],
          "startAt": 1778444761004,
          "status": "passed",
          "title": "empty-ish inputs (whitespace only) do not throw"
        },
        {
          "ancestorTitles": ["ES CommandProcessor — property-based"],
          "duration": 31,
          "failing": false,
          "failureDetails": [],
          "failureMessages": [],
          "fullName": "ES CommandProcessor — property-based always returns a structured response for any ES input",
          "invocations": 1,
          "location": null,
          "numPassingAsserts": 200,
          "retryReasons": [],
          "startAt": 1778444761029,
          "status": "passed",
          "title": "always returns a structured response for any ES input"
        },
        {
          "ancestorTitles": ["ES CommandProcessor — property-based"],
          "duration": 21,
          "failing": false,
          "failureDetails": [],
          "failureMessages": [],
          "fullName": "ES CommandProcessor — property-based unknown ES commands echo the original input back in the error message",
          "invocations": 1,
          "location": null,
          "numPassingAsserts": 100,
          "retryReasons": [],
          "startAt": 1778444761060,
          "status": "passed",
          "title": "unknown ES commands echo the original input back in the error message"
        },
        {
          "ancestorTitles": ["ES CommandProcessor — property-based"],
          "duration": 15,
          "failing": false,
          "failureDetails": [],
          "failureMessages": [],
          "fullName": "ES CommandProcessor — property-based ES process is case-insensitive for known commands",
          "invocations": 1,
          "location": null,
          "numPassingAsserts": 100,
          "retryReasons": [],
          "startAt": 1778444761081,
          "status": "passed",
          "title": "ES process is case-insensitive for known commands"
        },
        {
          "ancestorTitles": ["ProjectService — property-based"],
          "duration": 16,
          "failing": false,
          "failureDetails": [],
          "failureMessages": [],
          "fullName": "ProjectService — property-based getProjects is deterministic across repeated calls",
          "invocations": 1,
          "location": null,
          "numPassingAsserts": 100,
          "retryReasons": [],
          "startAt": 1778444761097,
          "status": "passed",
          "title": "getProjects is deterministic across repeated calls"
        },
        {
          "ancestorTitles": ["ProjectService — property-based"],
          "duration": 229,
          "failing": false,
          "failureDetails": [],
          "failureMessages": [],
          "fullName": "ProjectService — property-based every project satisfies the required shape invariants",
          "invocations": 1,
          "location": null,
          "numPassingAsserts": 1674,
          "retryReasons": [],
          "startAt": 1778444761114,
          "status": "passed",
          "title": "every project satisfies the required shape invariants"
        },
        {
          "ancestorTitles": ["ProjectService — property-based"],
          "duration": 20,
          "failing": false,
          "failureDetails": [],
          "failureMessages": [],
          "fullName": "ProjectService — property-based all project IDs are globally unique across the dataset",
          "invocations": 1,
          "location": null,
          "numPassingAsserts": 100,
          "retryReasons": [],
          "startAt": 1778444761344,
          "status": "passed",
          "title": "all project IDs are globally unique across the dataset"
        },
        {
          "ancestorTitles": ["ProjectService — property-based"],
          "duration": 103,
          "failing": false,
          "failureDetails": [],
          "failureMessages": [],
          "fullName": "ProjectService — property-based stats entries always have non-empty label and value when present",
          "invocations": 1,
          "location": null,
          "numPassingAsserts": 800,
          "retryReasons": [],
          "startAt": 1778444761364,
          "status": "passed",
          "title": "stats entries always have non-empty label and value when present"
        },
        {
          "ancestorTitles": ["DataEngineeringService — property-based"],
          "duration": 40,
          "failing": false,
          "failureDetails": [],
          "failureMessages": [],
          "fullName": "DataEngineeringService — property-based getSystemSpecs is deterministic across repeated calls",
          "invocations": 1,
          "location": null,
          "numPassingAsserts": 100,
          "retryReasons": [],
          "startAt": 1778444761468,
          "status": "passed",
          "title": "getSystemSpecs is deterministic across repeated calls"
        },
        {
          "ancestorTitles": ["DataEngineeringService — property-based"],
          "duration": 79,
          "failing": false,
          "failureDetails": [],
          "failureMessages": [],
          "fullName": "DataEngineeringService — property-based every spec satisfies invariant constraints — each invariant is a non-empty string",
          "invocations": 1,
          "location": null,
          "numPassingAsserts": 630,
          "retryReasons": [],
          "startAt": 1778444761508,
          "status": "passed",
          "title": "every spec satisfies invariant constraints — each invariant is a non-empty string"
        },
        {
          "ancestorTitles": ["DataEngineeringService — property-based"],
          "duration": 13,
          "failing": false,
          "failureDetails": [],
          "failureMessages": [],
          "fullName": "DataEngineeringService — property-based all spec IDs are unique",
          "invocations": 1,
          "location": null,
          "numPassingAsserts": 100,
          "retryReasons": [],
          "startAt": 1778444761587,
          "status": "passed",
          "title": "all spec IDs are unique"
        },
        {
          "ancestorTitles": ["i18n completeness — property-based"],
          "duration": 23,
          "failing": false,
          "failureDetails": [],
          "failureMessages": [],
          "fullName": "i18n completeness — property-based every EN terminal command entry has a non-empty key and response",
          "invocations": 1,
          "location": null,
          "numPassingAsserts": 200,
          "retryReasons": [],
          "startAt": 1778444761601,
          "status": "passed",
          "title": "every EN terminal command entry has a non-empty key and response"
        },
        {
          "ancestorTitles": ["i18n completeness — property-based"],
          "duration": 31,
          "failing": false,
          "failureDetails": [],
          "failureMessages": [],
          "fullName": "i18n completeness — property-based every ES terminal command entry has a non-empty key and response",
          "invocations": 1,
          "location": null,
          "numPassingAsserts": 200,
          "retryReasons": [],
          "startAt": 1778444761625,
          "status": "passed",
          "title": "every ES terminal command entry has a non-empty key and response"
        },
        {
          "ancestorTitles": ["i18n completeness — property-based"],
          "duration": 15,
          "failing": false,
          "failureDetails": [],
          "failureMessages": [],
          "fullName": "i18n completeness — property-based ES has at least as many terminal commands as EN",
          "invocations": 1,
          "location": null,
          "numPassingAsserts": 100,
          "retryReasons": [],
          "startAt": 1778444761657,
          "status": "passed",
          "title": "ES has at least as many terminal commands as EN"
        },
        {
          "ancestorTitles": ["i18n completeness — property-based"],
          "duration": 23,
          "failing": false,
          "failureDetails": [],
          "failureMessages": [],
          "fullName": "i18n completeness — property-based all EN section labels are non-empty strings",
          "invocations": 1,
          "location": null,
          "numPassingAsserts": 200,
          "retryReasons": [],
          "startAt": 1778444761673,
          "status": "passed",
          "title": "all EN section labels are non-empty strings"
        },
        {
          "ancestorTitles": ["i18n completeness — property-based"],
          "duration": 27,
          "failing": false,
          "failureDetails": [],
          "failureMessages": [],
          "fullName": "i18n completeness — property-based all ES section labels are non-empty strings",
          "invocations": 1,
          "location": null,
          "numPassingAsserts": 200,
          "retryReasons": [],
          "startAt": 1778444761696,
          "status": "passed",
          "title": "all ES section labels are non-empty strings"
        },
        {
          "ancestorTitles": ["buildMetadata — property-based URL invariants"],
          "duration": 63,
          "failing": false,
          "failureDetails": [],
          "failureMessages": [],
          "fullName": "buildMetadata — property-based URL invariants canonical URL never contains a double-slash for any locale",
          "invocations": 1,
          "location": null,
          "numPassingAsserts": 100,
          "retryReasons": [],
          "startAt": 1778444761724,
          "status": "passed",
          "title": "canonical URL never contains a double-slash for any locale"
        },
        {
          "ancestorTitles": ["buildMetadata — property-based URL invariants"],
          "duration": 92,
          "failing": false,
          "failureDetails": [],
          "failureMessages": [],
          "fullName": "buildMetadata — property-based URL invariants OG image URL never contains a double-slash for any locale",
          "invocations": 1,
          "location": null,
          "numPassingAsserts": 100,
          "retryReasons": [],
          "startAt": 1778444761788,
          "status": "passed",
          "title": "OG image URL never contains a double-slash for any locale"
        },
        {
          "ancestorTitles": ["buildMetadata — property-based URL invariants"],
          "duration": 52,
          "failing": false,
          "failureDetails": [],
          "failureMessages": [],
          "fullName": "buildMetadata — property-based URL invariants Twitter image URL never contains a double-slash for any locale",
          "invocations": 1,
          "location": null,
          "numPassingAsserts": 100,
          "retryReasons": [],
          "startAt": 1778444761880,
          "status": "passed",
          "title": "Twitter image URL never contains a double-slash for any locale"
        },
        {
          "ancestorTitles": ["buildMetadata — property-based URL invariants"],
          "duration": 86,
          "failing": false,
          "failureDetails": [],
          "failureMessages": [],
          "fullName": "buildMetadata — property-based URL invariants title and description are always non-empty for any locale",
          "invocations": 1,
          "location": null,
          "numPassingAsserts": 400,
          "retryReasons": [],
          "startAt": 1778444761933,
          "status": "passed",
          "title": "title and description are always non-empty for any locale"
        }
      ],
      "endTime": 1778444762027,
      "message": "",
      "name": "/home/gestalt/Desktop/REPOS/jonathan-verdun-portfolio/src/__tests__/property-based.test.ts",
      "startTime": 1778444759714,
      "status": "passed",
      "summary": ""
    },
    {
      "assertionResults": [
        {
          "ancestorTitles": ["HeroHeader — workHistory guard (L1)"],
          "duration": 59,
          "failing": false,
          "failureDetails": [],
          "failureMessages": [],
          "fullName": "HeroHeader — workHistory guard (L1) does not render the Work History card when workHistory is empty",
          "invocations": 1,
          "location": null,
          "numPassingAsserts": 1,
          "retryReasons": [],
          "startAt": 1778444762020,
          "status": "passed",
          "title": "does not render the Work History card when workHistory is empty"
        },
        {
          "ancestorTitles": ["HeroHeader — workHistory guard (L1)"],
          "duration": 24,
          "failing": false,
          "failureDetails": [],
          "failureMessages": [],
          "fullName": "HeroHeader — workHistory guard (L1) renders the Work History card when workHistory has entries",
          "invocations": 1,
          "location": null,
          "numPassingAsserts": 1,
          "retryReasons": [],
          "startAt": 1778444762080,
          "status": "passed",
          "title": "renders the Work History card when workHistory has entries"
        },
        {
          "ancestorTitles": ["HeroHeader — role/period subtext branch (L4)"],
          "duration": 21,
          "failing": false,
          "failureDetails": [],
          "failureMessages": [],
          "fullName": "HeroHeader — role/period subtext branch (L4) does not render role/period subtext when entry has no role or period",
          "invocations": 1,
          "location": null,
          "numPassingAsserts": 1,
          "retryReasons": [],
          "startAt": 1778444762105,
          "status": "passed",
          "title": "does not render role/period subtext when entry has no role or period"
        },
        {
          "ancestorTitles": ["HeroHeader — role/period subtext branch (L4)"],
          "duration": 23,
          "failing": false,
          "failureDetails": [],
          "failureMessages": [],
          "fullName": "HeroHeader — role/period subtext branch (L4) renders subtext with role only",
          "invocations": 1,
          "location": null,
          "numPassingAsserts": 1,
          "retryReasons": [],
          "startAt": 1778444762127,
          "status": "passed",
          "title": "renders subtext with role only"
        },
        {
          "ancestorTitles": ["HeroHeader — role/period subtext branch (L4)"],
          "duration": 23,
          "failing": false,
          "failureDetails": [],
          "failureMessages": [],
          "fullName": "HeroHeader — role/period subtext branch (L4) renders subtext with both role and period separated by ·",
          "invocations": 1,
          "location": null,
          "numPassingAsserts": 1,
          "retryReasons": [],
          "startAt": 1778444762150,
          "status": "passed",
          "title": "renders subtext with both role and period separated by ·"
        }
      ],
      "endTime": 1778444762175,
      "message": "",
      "name": "/home/gestalt/Desktop/REPOS/jonathan-verdun-portfolio/src/__tests__/HeroHeader.branches.test.tsx",
      "startTime": 1778444761470,
      "status": "passed",
      "summary": ""
    },
    {
      "assertionResults": [
        {
          "ancestorTitles": ["SectionHeader"],
          "duration": 257,
          "failing": false,
          "failureDetails": [],
          "failureMessages": [],
          "fullName": "SectionHeader renders the title as an h2",
          "invocations": 1,
          "location": null,
          "numPassingAsserts": 1,
          "retryReasons": [],
          "startAt": 1778444761935,
          "status": "passed",
          "title": "renders the title as an h2"
        },
        {
          "ancestorTitles": ["SectionHeader"],
          "duration": 18,
          "failing": false,
          "failureDetails": [],
          "failureMessages": [],
          "fullName": "SectionHeader renders the icon node inside the badge",
          "invocations": 1,
          "location": null,
          "numPassingAsserts": 1,
          "retryReasons": [],
          "startAt": 1778444762193,
          "status": "passed",
          "title": "renders the icon node inside the badge"
        },
        {
          "ancestorTitles": ["SectionHeader"],
          "duration": 17,
          "failing": false,
          "failureDetails": [],
          "failureMessages": [],
          "fullName": "SectionHeader renders the accent line when showAccentLine is true",
          "invocations": 1,
          "location": null,
          "numPassingAsserts": 1,
          "retryReasons": [],
          "startAt": 1778444762211,
          "status": "passed",
          "title": "renders the accent line when showAccentLine is true"
        },
        {
          "ancestorTitles": ["SectionHeader"],
          "duration": 16,
          "failing": false,
          "failureDetails": [],
          "failureMessages": [],
          "fullName": "SectionHeader does not render the accent line by default",
          "invocations": 1,
          "location": null,
          "numPassingAsserts": 1,
          "retryReasons": [],
          "startAt": 1778444762229,
          "status": "passed",
          "title": "does not render the accent line by default"
        },
        {
          "ancestorTitles": ["SectionHeader"],
          "duration": 10,
          "failing": false,
          "failureDetails": [],
          "failureMessages": [],
          "fullName": "SectionHeader applies border-bottom class when showBorderBottom is true",
          "invocations": 1,
          "location": null,
          "numPassingAsserts": 1,
          "retryReasons": [],
          "startAt": 1778444762245,
          "status": "passed",
          "title": "applies border-bottom class when showBorderBottom is true"
        },
        {
          "ancestorTitles": ["SectionHeader"],
          "duration": 34,
          "failing": false,
          "failureDetails": [],
          "failureMessages": [],
          "fullName": "SectionHeader does not apply border-bottom by default",
          "invocations": 1,
          "location": null,
          "numPassingAsserts": 1,
          "retryReasons": [],
          "startAt": 1778444762255,
          "status": "passed",
          "title": "does not apply border-bottom by default"
        },
        {
          "ancestorTitles": ["SectionHeader"],
          "duration": 48,
          "failing": false,
          "failureDetails": [],
          "failureMessages": [],
          "fullName": "SectionHeader applies the correct badge color class for each color prop",
          "invocations": 1,
          "location": null,
          "numPassingAsserts": 4,
          "retryReasons": [],
          "startAt": 1778444762289,
          "status": "passed",
          "title": "applies the correct badge color class for each color prop"
        },
        {
          "ancestorTitles": ["SectionHeader"],
          "duration": 14,
          "failing": false,
          "failureDetails": [],
          "failureMessages": [],
          "fullName": "SectionHeader renders without error when only required props are provided",
          "invocations": 1,
          "location": null,
          "numPassingAsserts": 1,
          "retryReasons": [],
          "startAt": 1778444762337,
          "status": "passed",
          "title": "renders without error when only required props are provided"
        }
      ],
      "endTime": 1778444762357,
      "message": "",
      "name": "/home/gestalt/Desktop/REPOS/jonathan-verdun-portfolio/src/__tests__/SectionHeader.test.tsx",
      "startTime": 1778444761621,
      "status": "passed",
      "summary": ""
    },
    {
      "assertionResults": [
        {
          "ancestorTitles": ["SystemSpecCard"],
          "duration": 33,
          "failing": false,
          "failureDetails": [],
          "failureMessages": [],
          "fullName": "SystemSpecCard renders the focus as a heading",
          "invocations": 1,
          "location": null,
          "numPassingAsserts": 1,
          "retryReasons": [],
          "startAt": 1778444762563,
          "status": "passed",
          "title": "renders the focus as a heading"
        },
        {
          "ancestorTitles": ["SystemSpecCard"],
          "duration": 15,
          "failing": false,
          "failureDetails": [],
          "failureMessages": [],
          "fullName": "SystemSpecCard renders the methodology",
          "invocations": 1,
          "location": null,
          "numPassingAsserts": 1,
          "retryReasons": [],
          "startAt": 1778444762596,
          "status": "passed",
          "title": "renders the methodology"
        },
        {
          "ancestorTitles": ["SystemSpecCard"],
          "duration": 15,
          "failing": false,
          "failureDetails": [],
          "failureMessages": [],
          "fullName": "SystemSpecCard renders all invariants joined by a dot separator",
          "invocations": 1,
          "location": null,
          "numPassingAsserts": 1,
          "retryReasons": [],
          "startAt": 1778444762612,
          "status": "passed",
          "title": "renders all invariants joined by a dot separator"
        },
        {
          "ancestorTitles": ["SystemSpecCard"],
          "duration": 119,
          "failing": false,
          "failureDetails": [],
          "failureMessages": [],
          "fullName": "SystemSpecCard renders the repo link when spec.link is provided",
          "invocations": 1,
          "location": null,
          "numPassingAsserts": 1,
          "retryReasons": [],
          "startAt": 1778444762627,
          "status": "passed",
          "title": "renders the repo link when spec.link is provided"
        },
        {
          "ancestorTitles": ["SystemSpecCard"],
          "duration": 20,
          "failing": false,
          "failureDetails": [],
          "failureMessages": [],
          "fullName": "SystemSpecCard strips https://github.com/ from the link display text",
          "invocations": 1,
          "location": null,
          "numPassingAsserts": 1,
          "retryReasons": [],
          "startAt": 1778444762747,
          "status": "passed",
          "title": "strips https://github.com/ from the link display text"
        },
        {
          "ancestorTitles": ["SystemSpecCard"],
          "duration": 24,
          "failing": false,
          "failureDetails": [],
          "failureMessages": [],
          "fullName": "SystemSpecCard repo link has rel=\"noopener noreferrer\" and target=\"_blank\"",
          "invocations": 1,
          "location": null,
          "numPassingAsserts": 2,
          "retryReasons": [],
          "startAt": 1778444762767,
          "status": "passed",
          "title": "repo link has rel=\"noopener noreferrer\" and target=\"_blank\""
        },
        {
          "ancestorTitles": ["SystemSpecCard"],
          "duration": 16,
          "failing": false,
          "failureDetails": [],
          "failureMessages": [],
          "fullName": "SystemSpecCard does not render a link when spec.link is absent",
          "invocations": 1,
          "location": null,
          "numPassingAsserts": 1,
          "retryReasons": [],
          "startAt": 1778444762791,
          "status": "passed",
          "title": "does not render a link when spec.link is absent"
        }
      ],
      "endTime": 1778444762811,
      "message": "",
      "name": "/home/gestalt/Desktop/REPOS/jonathan-verdun-portfolio/src/__tests__/SystemSpecCard.test.tsx",
      "startTime": 1778444762212,
      "status": "passed",
      "summary": ""
    },
    {
      "assertionResults": [
        {
          "ancestorTitles": ["Accessibility — landmarks"],
          "duration": 559,
          "failing": false,
          "failureDetails": [],
          "failureMessages": [],
          "fullName": "Accessibility — landmarks has exactly one main landmark",
          "invocations": 1,
          "location": null,
          "numPassingAsserts": 1,
          "retryReasons": [],
          "startAt": 1778444760970,
          "status": "passed",
          "title": "has exactly one main landmark"
        },
        {
          "ancestorTitles": ["Accessibility — landmarks"],
          "duration": 264,
          "failing": false,
          "failureDetails": [],
          "failureMessages": [],
          "fullName": "Accessibility — landmarks main landmark has the skip-nav target id",
          "invocations": 1,
          "location": null,
          "numPassingAsserts": 1,
          "retryReasons": [],
          "startAt": 1778444761530,
          "status": "passed",
          "title": "main landmark has the skip-nav target id"
        },
        {
          "ancestorTitles": ["Accessibility — heading hierarchy"],
          "duration": 287,
          "failing": false,
          "failureDetails": [],
          "failureMessages": [],
          "fullName": "Accessibility — heading hierarchy has exactly one h1",
          "invocations": 1,
          "location": null,
          "numPassingAsserts": 1,
          "retryReasons": [],
          "startAt": 1778444761795,
          "status": "passed",
          "title": "has exactly one h1"
        },
        {
          "ancestorTitles": ["Accessibility — heading hierarchy"],
          "duration": 286,
          "failing": false,
          "failureDetails": [],
          "failureMessages": [],
          "fullName": "Accessibility — heading hierarchy h1 contains the owner name",
          "invocations": 1,
          "location": null,
          "numPassingAsserts": 1,
          "retryReasons": [],
          "startAt": 1778444762082,
          "status": "passed",
          "title": "h1 contains the owner name"
        },
        {
          "ancestorTitles": ["Accessibility — external links"],
          "duration": 265,
          "failing": false,
          "failureDetails": [],
          "failureMessages": [],
          "fullName": "Accessibility — external links all links with target=\"_blank\" have rel containing noopener",
          "invocations": 1,
          "location": null,
          "numPassingAsserts": 19,
          "retryReasons": [],
          "startAt": 1778444762368,
          "status": "passed",
          "title": "all links with target=\"_blank\" have rel containing noopener"
        },
        {
          "ancestorTitles": ["Accessibility — external links"],
          "duration": 172,
          "failing": false,
          "failureDetails": [],
          "failureMessages": [],
          "fullName": "Accessibility — external links all images have a non-empty alt attribute",
          "invocations": 1,
          "location": null,
          "numPassingAsserts": 1,
          "retryReasons": [],
          "startAt": 1778444762634,
          "status": "passed",
          "title": "all images have a non-empty alt attribute"
        }
      ],
      "endTime": 1778444762811,
      "message": "",
      "name": "/home/gestalt/Desktop/REPOS/jonathan-verdun-portfolio/src/__tests__/accessibility.test.tsx",
      "startTime": 1778444759726,
      "status": "passed",
      "summary": ""
    },
    {
      "assertionResults": [
        {
          "ancestorTitles": ["Home"],
          "duration": 731,
          "failing": false,
          "failureDetails": [],
          "failureMessages": [],
          "fullName": "Home renders the name Jonathan Verdun in a heading",
          "invocations": 1,
          "location": null,
          "numPassingAsserts": 1,
          "retryReasons": [],
          "startAt": 1778444761083,
          "status": "passed",
          "title": "renders the name Jonathan Verdun in a heading"
        },
        {
          "ancestorTitles": ["Home"],
          "duration": 283,
          "failing": false,
          "failureDetails": [],
          "failureMessages": [],
          "fullName": "Home has the skip-nav target id on the main landmark",
          "invocations": 1,
          "location": null,
          "numPassingAsserts": 1,
          "retryReasons": [],
          "startAt": 1778444761816,
          "status": "passed",
          "title": "has the skip-nav target id on the main landmark"
        },
        {
          "ancestorTitles": ["Home"],
          "duration": 475,
          "failing": false,
          "failureDetails": [],
          "failureMessages": [],
          "fullName": "Home renders primary section headings",
          "invocations": 1,
          "location": null,
          "numPassingAsserts": 2,
          "retryReasons": [],
          "startAt": 1778444762099,
          "status": "passed",
          "title": "renders primary section headings"
        },
        {
          "ancestorTitles": ["Home"],
          "duration": 280,
          "failing": false,
          "failureDetails": [],
          "failureMessages": [],
          "fullName": "Home renders the contact CTA link with the correct mailto href",
          "invocations": 1,
          "location": null,
          "numPassingAsserts": 1,
          "retryReasons": [],
          "startAt": 1778444762575,
          "status": "passed",
          "title": "renders the contact CTA link with the correct mailto href"
        }
      ],
      "endTime": 1778444762868,
      "message": "",
      "name": "/home/gestalt/Desktop/REPOS/jonathan-verdun-portfolio/src/__tests__/page.test.tsx",
      "startTime": 1778444759815,
      "status": "passed",
      "summary": ""
    },
    {
      "assertionResults": [
        {
          "ancestorTitles": ["LanguageSelector"],
          "duration": 31,
          "failing": false,
          "failureDetails": [],
          "failureMessages": [],
          "fullName": "LanguageSelector renders a nav landmark with the correct aria-label",
          "invocations": 1,
          "location": null,
          "numPassingAsserts": 1,
          "retryReasons": [],
          "startAt": 1778444762749,
          "status": "passed",
          "title": "renders a nav landmark with the correct aria-label"
        },
        {
          "ancestorTitles": ["LanguageSelector"],
          "duration": 19,
          "failing": false,
          "failureDetails": [],
          "failureMessages": [],
          "fullName": "LanguageSelector renders EN and ES links",
          "invocations": 1,
          "location": null,
          "numPassingAsserts": 2,
          "retryReasons": [],
          "startAt": 1778444762781,
          "status": "passed",
          "title": "renders EN and ES links"
        },
        {
          "ancestorTitles": ["LanguageSelector", "on the English route (/)"],
          "duration": 23,
          "failing": false,
          "failureDetails": [],
          "failureMessages": [],
          "fullName": "LanguageSelector on the English route (/) EN link has aria-current=\"page\"",
          "invocations": 1,
          "location": null,
          "numPassingAsserts": 1,
          "retryReasons": [],
          "startAt": 1778444762800,
          "status": "passed",
          "title": "EN link has aria-current=\"page\""
        },
        {
          "ancestorTitles": ["LanguageSelector", "on the English route (/)"],
          "duration": 20,
          "failing": false,
          "failureDetails": [],
          "failureMessages": [],
          "fullName": "LanguageSelector on the English route (/) ES link does not have aria-current",
          "invocations": 1,
          "location": null,
          "numPassingAsserts": 1,
          "retryReasons": [],
          "startAt": 1778444762823,
          "status": "passed",
          "title": "ES link does not have aria-current"
        },
        {
          "ancestorTitles": ["LanguageSelector", "on the Spanish route (/es/)"],
          "duration": 12,
          "failing": false,
          "failureDetails": [],
          "failureMessages": [],
          "fullName": "LanguageSelector on the Spanish route (/es/) ES link has aria-current=\"page\"",
          "invocations": 1,
          "location": null,
          "numPassingAsserts": 1,
          "retryReasons": [],
          "startAt": 1778444762844,
          "status": "passed",
          "title": "ES link has aria-current=\"page\""
        },
        {
          "ancestorTitles": ["LanguageSelector", "on the Spanish route (/es/)"],
          "duration": 11,
          "failing": false,
          "failureDetails": [],
          "failureMessages": [],
          "fullName": "LanguageSelector on the Spanish route (/es/) EN link does not have aria-current",
          "invocations": 1,
          "location": null,
          "numPassingAsserts": 1,
          "retryReasons": [],
          "startAt": 1778444762856,
          "status": "passed",
          "title": "EN link does not have aria-current"
        },
        {
          "ancestorTitles": ["LanguageSelector"],
          "duration": 7,
          "failing": false,
          "failureDetails": [],
          "failureMessages": [],
          "fullName": "LanguageSelector EN link points to /",
          "invocations": 1,
          "location": null,
          "numPassingAsserts": 1,
          "retryReasons": [],
          "startAt": 1778444762868,
          "status": "passed",
          "title": "EN link points to /"
        },
        {
          "ancestorTitles": ["LanguageSelector"],
          "duration": 25,
          "failing": false,
          "failureDetails": [],
          "failureMessages": [],
          "fullName": "LanguageSelector ES link href targets the /es/ route",
          "invocations": 1,
          "location": null,
          "numPassingAsserts": 1,
          "retryReasons": [],
          "startAt": 1778444762876,
          "status": "passed",
          "title": "ES link href targets the /es/ route"
        },
        {
          "ancestorTitles": ["LanguageSelector"],
          "duration": 14,
          "failing": false,
          "failureDetails": [],
          "failureMessages": [],
          "fullName": "LanguageSelector treats null pathname as root — EN link gets aria-current=\"page\"",
          "invocations": 1,
          "location": null,
          "numPassingAsserts": 1,
          "retryReasons": [],
          "startAt": 1778444762902,
          "status": "passed",
          "title": "treats null pathname as root — EN link gets aria-current=\"page\""
        }
      ],
      "endTime": 1778444762918,
      "message": "",
      "name": "/home/gestalt/Desktop/REPOS/jonathan-verdun-portfolio/src/__tests__/LanguageSelector.test.tsx",
      "startTime": 1778444762436,
      "status": "passed",
      "summary": ""
    },
    {
      "assertionResults": [
        {
          "ancestorTitles": ["GlobalError"],
          "duration": 60,
          "failing": false,
          "failureDetails": [],
          "failureMessages": [],
          "fullName": "GlobalError renders the 500 heading",
          "invocations": 1,
          "location": null,
          "numPassingAsserts": 1,
          "retryReasons": [],
          "startAt": 1778444763189,
          "status": "passed",
          "title": "renders the 500 heading"
        },
        {
          "ancestorTitles": ["GlobalError"],
          "duration": 31,
          "failing": false,
          "failureDetails": [],
          "failureMessages": [],
          "fullName": "GlobalError renders the \"Try again\" button",
          "invocations": 1,
          "location": null,
          "numPassingAsserts": 1,
          "retryReasons": [],
          "startAt": 1778444763250,
          "status": "passed",
          "title": "renders the \"Try again\" button"
        },
        {
          "ancestorTitles": ["GlobalError"],
          "duration": 46,
          "failing": false,
          "failureDetails": [],
          "failureMessages": [],
          "fullName": "GlobalError calls reset when \"Try again\" is clicked",
          "invocations": 1,
          "location": null,
          "numPassingAsserts": 1,
          "retryReasons": [],
          "startAt": 1778444763282,
          "status": "passed",
          "title": "calls reset when \"Try again\" is clicked"
        },
        {
          "ancestorTitles": ["GlobalError"],
          "duration": 20,
          "failing": false,
          "failureDetails": [],
          "failureMessages": [],
          "fullName": "GlobalError renders the \"Return home\" link pointing to /",
          "invocations": 1,
          "location": null,
          "numPassingAsserts": 1,
          "retryReasons": [],
          "startAt": 1778444763329,
          "status": "passed",
          "title": "renders the \"Return home\" link pointing to /"
        },
        {
          "ancestorTitles": ["GlobalError"],
          "duration": 24,
          "failing": false,
          "failureDetails": [],
          "failureMessages": [],
          "fullName": "GlobalError renders the digest value when digest is present",
          "invocations": 1,
          "location": null,
          "numPassingAsserts": 1,
          "retryReasons": [],
          "startAt": 1778444763350,
          "status": "passed",
          "title": "renders the digest value when digest is present"
        },
        {
          "ancestorTitles": ["GlobalError"],
          "duration": 13,
          "failing": false,
          "failureDetails": [],
          "failureMessages": [],
          "fullName": "GlobalError does not render a digest section when digest is absent",
          "invocations": 1,
          "location": null,
          "numPassingAsserts": 1,
          "retryReasons": [],
          "startAt": 1778444763374,
          "status": "passed",
          "title": "does not render a digest section when digest is absent"
        }
      ],
      "endTime": 1778444763389,
      "message": "",
      "name": "/home/gestalt/Desktop/REPOS/jonathan-verdun-portfolio/src/__tests__/global-error.test.tsx",
      "startTime": 1778444762923,
      "status": "passed",
      "summary": ""
    },
    {
      "assertionResults": [
        {
          "ancestorTitles": ["BioinformaticsResearchCard — known focus key"],
          "duration": 24,
          "failing": false,
          "failureDetails": [],
          "failureMessages": [],
          "fullName": "BioinformaticsResearchCard — known focus key renders the translated label",
          "invocations": 1,
          "location": null,
          "numPassingAsserts": 1,
          "retryReasons": [],
          "startAt": 1778444763241,
          "status": "passed",
          "title": "renders the translated label"
        },
        {
          "ancestorTitles": ["BioinformaticsResearchCard — known focus key"],
          "duration": 25,
          "failing": false,
          "failureDetails": [],
          "failureMessages": [],
          "fullName": "BioinformaticsResearchCard — known focus key renders the translated description",
          "invocations": 1,
          "location": null,
          "numPassingAsserts": 1,
          "retryReasons": [],
          "startAt": 1778444763265,
          "status": "passed",
          "title": "renders the translated description"
        },
        {
          "ancestorTitles": ["BioinformaticsResearchCard — known focus key"],
          "duration": 22,
          "failing": false,
          "failureDetails": [],
          "failureMessages": [],
          "fullName": "BioinformaticsResearchCard — known focus key renders methodology",
          "invocations": 1,
          "location": null,
          "numPassingAsserts": 1,
          "retryReasons": [],
          "startAt": 1778444763290,
          "status": "passed",
          "title": "renders methodology"
        },
        {
          "ancestorTitles": ["BioinformaticsResearchCard — known focus key"],
          "duration": 31,
          "failing": false,
          "failureDetails": [],
          "failureMessages": [],
          "fullName": "BioinformaticsResearchCard — known focus key renders a GitHub link",
          "invocations": 1,
          "location": null,
          "numPassingAsserts": 1,
          "retryReasons": [],
          "startAt": 1778444763313,
          "status": "passed",
          "title": "renders a GitHub link"
        },
        {
          "ancestorTitles": ["BioinformaticsResearchCard — unknown focus key (fallback branches)"],
          "duration": 32,
          "failing": false,
          "failureDetails": [],
          "failureMessages": [],
          "fullName": "BioinformaticsResearchCard — unknown focus key (fallback branches) falls back to spec.focus as the label",
          "invocations": 1,
          "location": null,
          "numPassingAsserts": 1,
          "retryReasons": [],
          "startAt": 1778444763345,
          "status": "passed",
          "title": "falls back to spec.focus as the label"
        },
        {
          "ancestorTitles": ["BioinformaticsResearchCard — unknown focus key (fallback branches)"],
          "duration": 22,
          "failing": false,
          "failureDetails": [],
          "failureMessages": [],
          "fullName": "BioinformaticsResearchCard — unknown focus key (fallback branches) renders an empty description when focus is unknown",
          "invocations": 1,
          "location": null,
          "numPassingAsserts": 1,
          "retryReasons": [],
          "startAt": 1778444763381,
          "status": "passed",
          "title": "renders an empty description when focus is unknown"
        },
        {
          "ancestorTitles": ["BioinformaticsResearchCard — unknown focus key (fallback branches)"],
          "duration": 10,
          "failing": false,
          "failureDetails": [],
          "failureMessages": [],
          "fullName": "BioinformaticsResearchCard — unknown focus key (fallback branches) does not render a link when spec has no link",
          "invocations": 1,
          "location": null,
          "numPassingAsserts": 1,
          "retryReasons": [],
          "startAt": 1778444763404,
          "status": "passed",
          "title": "does not render a link when spec has no link"
        }
      ],
      "endTime": 1778444763416,
      "message": "",
      "name": "/home/gestalt/Desktop/REPOS/jonathan-verdun-portfolio/src/__tests__/BioinformaticsResearchCard.test.tsx",
      "startTime": 1778444762938,
      "status": "passed",
      "summary": ""
    },
    {
      "assertionResults": [
        {
          "ancestorTitles": ["ErrorBoundary"],
          "duration": 13,
          "failing": false,
          "failureDetails": [],
          "failureMessages": [],
          "fullName": "ErrorBoundary renders children when no error is thrown",
          "invocations": 1,
          "location": null,
          "numPassingAsserts": 1,
          "retryReasons": [],
          "startAt": 1778444763213,
          "status": "passed",
          "title": "renders children when no error is thrown"
        },
        {
          "ancestorTitles": ["ErrorBoundary"],
          "duration": 55,
          "failing": false,
          "failureDetails": [],
          "failureMessages": [],
          "fullName": "ErrorBoundary renders default fallback UI when a child throws",
          "invocations": 1,
          "location": null,
          "numPassingAsserts": 2,
          "retryReasons": [],
          "startAt": 1778444763227,
          "status": "passed",
          "title": "renders default fallback UI when a child throws"
        },
        {
          "ancestorTitles": ["ErrorBoundary"],
          "duration": 101,
          "failing": false,
          "failureDetails": [],
          "failureMessages": [],
          "fullName": "ErrorBoundary renders a Retry button in the default fallback",
          "invocations": 1,
          "location": null,
          "numPassingAsserts": 1,
          "retryReasons": [],
          "startAt": 1778444763282,
          "status": "passed",
          "title": "renders a Retry button in the default fallback"
        },
        {
          "ancestorTitles": ["ErrorBoundary"],
          "duration": 94,
          "failing": false,
          "failureDetails": [],
          "failureMessages": [],
          "fullName": "ErrorBoundary clicking Retry re-renders children when the error resolves",
          "invocations": 1,
          "location": null,
          "numPassingAsserts": 3,
          "retryReasons": [],
          "startAt": 1778444763383,
          "status": "passed",
          "title": "clicking Retry re-renders children when the error resolves"
        },
        {
          "ancestorTitles": ["ErrorBoundary"],
          "duration": 12,
          "failing": false,
          "failureDetails": [],
          "failureMessages": [],
          "fullName": "ErrorBoundary renders custom fallback prop when provided and child throws",
          "invocations": 1,
          "location": null,
          "numPassingAsserts": 2,
          "retryReasons": [],
          "startAt": 1778444763477,
          "status": "passed",
          "title": "renders custom fallback prop when provided and child throws"
        },
        {
          "ancestorTitles": ["ErrorBoundary"],
          "duration": 8,
          "failing": false,
          "failureDetails": [],
          "failureMessages": [],
          "fullName": "ErrorBoundary does not show default fallback when child is healthy",
          "invocations": 1,
          "location": null,
          "numPassingAsserts": 1,
          "retryReasons": [],
          "startAt": 1778444763489,
          "status": "passed",
          "title": "does not show default fallback when child is healthy"
        }
      ],
      "endTime": 1778444763501,
      "message": "",
      "name": "/home/gestalt/Desktop/REPOS/jonathan-verdun-portfolio/src/__tests__/ErrorBoundary.test.tsx",
      "startTime": 1778444762840,
      "status": "passed",
      "summary": ""
    },
    {
      "assertionResults": [
        {
          "ancestorTitles": ["ProjectCard"],
          "duration": 482,
          "failing": false,
          "failureDetails": [],
          "failureMessages": [],
          "fullName": "ProjectCard renders the project title",
          "invocations": 1,
          "location": null,
          "numPassingAsserts": 1,
          "retryReasons": [],
          "startAt": 1778444762903,
          "status": "passed",
          "title": "renders the project title"
        },
        {
          "ancestorTitles": ["ProjectCard"],
          "duration": 27,
          "failing": false,
          "failureDetails": [],
          "failureMessages": [],
          "fullName": "ProjectCard renders the project description",
          "invocations": 1,
          "location": null,
          "numPassingAsserts": 1,
          "retryReasons": [],
          "startAt": 1778444763385,
          "status": "passed",
          "title": "renders the project description"
        },
        {
          "ancestorTitles": ["ProjectCard"],
          "duration": 17,
          "failing": false,
          "failureDetails": [],
          "failureMessages": [],
          "fullName": "ProjectCard renders tech stack items",
          "invocations": 1,
          "location": null,
          "numPassingAsserts": 2,
          "retryReasons": [],
          "startAt": 1778444763413,
          "status": "passed",
          "title": "renders tech stack items"
        },
        {
          "ancestorTitles": ["ProjectCard"],
          "duration": 45,
          "failing": false,
          "failureDetails": [],
          "failureMessages": [],
          "fullName": "ProjectCard renders an external link when project.link is provided",
          "invocations": 1,
          "location": null,
          "numPassingAsserts": 1,
          "retryReasons": [],
          "startAt": 1778444763430,
          "status": "passed",
          "title": "renders an external link when project.link is provided"
        },
        {
          "ancestorTitles": ["ProjectCard"],
          "duration": 16,
          "failing": false,
          "failureDetails": [],
          "failureMessages": [],
          "fullName": "ProjectCard does not render a link when project.link is absent",
          "invocations": 1,
          "location": null,
          "numPassingAsserts": 1,
          "retryReasons": [],
          "startAt": 1778444763475,
          "status": "passed",
          "title": "does not render a link when project.link is absent"
        },
        {
          "ancestorTitles": ["ProjectCard"],
          "duration": 17,
          "failing": false,
          "failureDetails": [],
          "failureMessages": [],
          "fullName": "ProjectCard renders stats when present",
          "invocations": 1,
          "location": null,
          "numPassingAsserts": 2,
          "retryReasons": [],
          "startAt": 1778444763491,
          "status": "passed",
          "title": "renders stats when present"
        },
        {
          "ancestorTitles": ["ProjectCard"],
          "duration": 14,
          "failing": false,
          "failureDetails": [],
          "failureMessages": [],
          "fullName": "ProjectCard applies fallback zinc style for an unknown status",
          "invocations": 1,
          "location": null,
          "numPassingAsserts": 1,
          "retryReasons": [],
          "startAt": 1778444763510,
          "status": "passed",
          "title": "applies fallback zinc style for an unknown status"
        }
      ],
      "endTime": 1778444763526,
      "message": "",
      "name": "/home/gestalt/Desktop/REPOS/jonathan-verdun-portfolio/src/__tests__/ProjectCard.test.tsx",
      "startTime": 1778444762059,
      "status": "passed",
      "summary": ""
    },
    {
      "assertionResults": [
        {
          "ancestorTitles": ["EnLayout — metadata exports"],
          "duration": 2,
          "failing": false,
          "failureDetails": [],
          "failureMessages": [],
          "fullName": "EnLayout — metadata exports title matches siteConfig",
          "invocations": 1,
          "location": null,
          "numPassingAsserts": 1,
          "retryReasons": [],
          "startAt": 1778444763712,
          "status": "passed",
          "title": "title matches siteConfig"
        },
        {
          "ancestorTitles": ["EnLayout — metadata exports"],
          "duration": 1,
          "failing": false,
          "failureDetails": [],
          "failureMessages": [],
          "fullName": "EnLayout — metadata exports description matches siteConfig",
          "invocations": 1,
          "location": null,
          "numPassingAsserts": 1,
          "retryReasons": [],
          "startAt": 1778444763715,
          "status": "passed",
          "title": "description matches siteConfig"
        },
        {
          "ancestorTitles": ["EnLayout — metadata exports"],
          "duration": 3,
          "failing": false,
          "failureDetails": [],
          "failureMessages": [],
          "fullName": "EnLayout — metadata exports canonical URL matches siteConfig",
          "invocations": 1,
          "location": null,
          "numPassingAsserts": 1,
          "retryReasons": [],
          "startAt": 1778444763716,
          "status": "passed",
          "title": "canonical URL matches siteConfig"
        },
        {
          "ancestorTitles": ["EnLayout — metadata exports"],
          "duration": 0,
          "failing": false,
          "failureDetails": [],
          "failureMessages": [],
          "fullName": "EnLayout — metadata exports OpenGraph type is website",
          "invocations": 1,
          "location": null,
          "numPassingAsserts": 1,
          "retryReasons": [],
          "startAt": 1778444763720,
          "status": "passed",
          "title": "OpenGraph type is website"
        },
        {
          "ancestorTitles": ["EnLayout — metadata exports"],
          "duration": 0,
          "failing": false,
          "failureDetails": [],
          "failureMessages": [],
          "fullName": "EnLayout — metadata exports Twitter card is summary_large_image",
          "invocations": 1,
          "location": null,
          "numPassingAsserts": 1,
          "retryReasons": [],
          "startAt": 1778444763721,
          "status": "passed",
          "title": "Twitter card is summary_large_image"
        },
        {
          "ancestorTitles": ["EnLayout — metadata exports"],
          "duration": 1,
          "failing": false,
          "failureDetails": [],
          "failureMessages": [],
          "fullName": "EnLayout — metadata exports viewport themeColor is dark background",
          "invocations": 1,
          "location": null,
          "numPassingAsserts": 1,
          "retryReasons": [],
          "startAt": 1778444763722,
          "status": "passed",
          "title": "viewport themeColor is dark background"
        },
        {
          "ancestorTitles": ["EnLayout — rendered output"],
          "duration": 46,
          "failing": false,
          "failureDetails": [],
          "failureMessages": [],
          "fullName": "EnLayout — rendered output renders children",
          "invocations": 1,
          "location": null,
          "numPassingAsserts": 1,
          "retryReasons": [],
          "startAt": 1778444763723,
          "status": "passed",
          "title": "renders children"
        },
        {
          "ancestorTitles": ["EnLayout — rendered output"],
          "duration": 29,
          "failing": false,
          "failureDetails": [],
          "failureMessages": [],
          "fullName": "EnLayout — rendered output renders the skip-nav link pointing to #main-content",
          "invocations": 1,
          "location": null,
          "numPassingAsserts": 2,
          "retryReasons": [],
          "startAt": 1778444763770,
          "status": "passed",
          "title": "renders the skip-nav link pointing to #main-content"
        },
        {
          "ancestorTitles": ["EnLayout — rendered output"],
          "duration": 21,
          "failing": false,
          "failureDetails": [],
          "failureMessages": [],
          "fullName": "EnLayout — rendered output injects a JSON-LD script with Person schema",
          "invocations": 1,
          "location": null,
          "numPassingAsserts": 6,
          "retryReasons": [],
          "startAt": 1778444763800,
          "status": "passed",
          "title": "injects a JSON-LD script with Person schema"
        }
      ],
      "endTime": 1778444763824,
      "message": "",
      "name": "/home/gestalt/Desktop/REPOS/jonathan-verdun-portfolio/src/__tests__/layout.test.tsx",
      "startTime": 1778444763438,
      "status": "passed",
      "summary": ""
    },
    {
      "assertionResults": [
        {
          "ancestorTitles": ["EsLayout — metadata exports"],
          "duration": 3,
          "failing": false,
          "failureDetails": [],
          "failureMessages": [],
          "fullName": "EsLayout — metadata exports title is Spanish",
          "invocations": 1,
          "location": null,
          "numPassingAsserts": 1,
          "retryReasons": [],
          "startAt": 1778444763713,
          "status": "passed",
          "title": "title is Spanish"
[...]
        },
        {
          "ancestorTitles": ["DefaultCommandProcessor"],
          "duration": 2,
          "failing": false,
          "failureDetails": [],
          "failureMessages": [],
          "fullName": "DefaultCommandProcessor is case-insensitive",
          "invocations": 1,
          "location": null,
          "numPassingAsserts": 1,
          "retryReasons": [],
          "startAt": 1778444764541,
          "status": "passed",
          "title": "is case-insensitive"
        },
        {
          "ancestorTitles": ["DefaultCommandProcessor"],
          "duration": 2,
          "failing": false,
          "failureDetails": [],
          "failureMessages": [],
          "fullName": "DefaultCommandProcessor trims leading and trailing whitespace",
          "invocations": 1,
          "location": null,
          "numPassingAsserts": 1,
          "retryReasons": [],
          "startAt": 1778444764544,
          "status": "passed",
          "title": "trims leading and trailing whitespace"
        },
        {
          "ancestorTitles": ["DefaultCommandProcessor"],
          "duration": 1,
          "failing": false,
          "failureDetails": [],
          "failureMessages": [],
          "fullName": "DefaultCommandProcessor returns a \"command not found\" message containing the unknown command name",
          "invocations": 1,
          "location": null,
          "numPassingAsserts": 2,
          "retryReasons": [],
          "startAt": 1778444764547,
          "status": "passed",
          "title": "returns a \"command not found\" message containing the unknown command name"
        },
        {
          "ancestorTitles": ["DefaultCommandProcessor"],
          "duration": 2,
          "failing": false,
          "failureDetails": [],
          "failureMessages": [],
          "fullName": "DefaultCommandProcessor handles multi-word commands like \"ls projects\"",
          "invocations": 1,
          "location": null,
          "numPassingAsserts": 2,
          "retryReasons": [],
          "startAt": 1778444764549,
          "status": "passed",
          "title": "handles multi-word commands like \"ls projects\""
        },
        {
          "ancestorTitles": ["DefaultCommandProcessor"],
          "duration": 2,
          "failing": false,
          "failureDetails": [],
          "failureMessages": [],
          "fullName": "DefaultCommandProcessor returns correct responses for basic built-in INTERACTIVE_COMMANDS",
          "invocations": 1,
          "location": null,
          "numPassingAsserts": 3,
          "retryReasons": [],
          "startAt": 1778444764552,
          "status": "passed",
          "title": "returns correct responses for basic built-in INTERACTIVE_COMMANDS"
        },
        {
          "ancestorTitles": ["DefaultCommandProcessor"],
          "duration": 2,
          "failing": false,
          "failureDetails": [],
          "failureMessages": [],
          "fullName": "DefaultCommandProcessor returns a redirect signal for contact/email commands",
          "invocations": 1,
          "location": null,
          "numPassingAsserts": 3,
          "retryReasons": [],
          "startAt": 1778444764555,
          "status": "passed",
          "title": "returns a redirect signal for contact/email commands"
        },
        {
          "ancestorTitles": ["DefaultCommandProcessor"],
          "duration": 2,
          "failing": false,
          "failureDetails": [],
          "failureMessages": [],
          "fullName": "DefaultCommandProcessor help output lists core commands",
          "invocations": 1,
          "location": null,
          "numPassingAsserts": 2,
          "retryReasons": [],
          "startAt": 1778444764557,
          "status": "passed",
          "title": "help output lists core commands"
        },
        {
          "ancestorTitles": ["DefaultCommandProcessor"],
          "duration": 2,
          "failing": false,
          "failureDetails": [],
          "failureMessages": [],
          "fullName": "DefaultCommandProcessor replaces all defaults when custom commands are injected via constructor",
          "invocations": 1,
          "location": null,
          "numPassingAsserts": 2,
          "retryReasons": [],
          "startAt": 1778444764560,
          "status": "passed",
          "title": "replaces all defaults when custom commands are injected via constructor"
        },
        {
          "ancestorTitles": ["DefaultCommandProcessor"],
          "duration": 2,
          "failing": false,
          "failureDetails": [],
          "failureMessages": [],
          "fullName": "DefaultCommandProcessor returns an empty output and a clear signal for the clear command",
          "invocations": 1,
          "location": null,
          "numPassingAsserts": 2,
          "retryReasons": [],
          "startAt": 1778444764563,
          "status": "passed",
          "title": "returns an empty output and a clear signal for the clear command"
        },
        {
          "ancestorTitles": ["DefaultCommandProcessor"],
          "duration": 2,
          "failing": false,
          "failureDetails": [],
          "failureMessages": [],
          "fullName": "DefaultCommandProcessor handles Spanish clear command (limpiar)",
          "invocations": 1,
          "location": null,
          "numPassingAsserts": 2,
          "retryReasons": [],
          "startAt": 1778444764565,
          "status": "passed",
          "title": "handles Spanish clear command (limpiar)"
        }
      ],
      "endTime": 1778444764569,
      "message": "",
      "name": "/home/gestalt/Desktop/REPOS/jonathan-verdun-portfolio/src/__tests__/CommandProcessor.test.ts",
      "startTime": 1778444764380,
      "status": "passed",
      "summary": ""
    },
    {
      "assertionResults": [
        {
          "ancestorTitles": ["MotionProvider"],
          "duration": 106,
          "failing": false,
          "failureDetails": [],
          "failureMessages": [],
          "fullName": "MotionProvider renders its children",
          "invocations": 1,
          "location": null,
          "numPassingAsserts": 1,
          "retryReasons": [],
          "startAt": 1778444764512,
          "status": "passed",
          "title": "renders its children"
        },
        {
          "ancestorTitles": ["MotionProvider"],
          "duration": 7,
          "failing": false,
          "failureDetails": [],
          "failureMessages": [],
          "fullName": "MotionProvider renders multiple children",
          "invocations": 1,
          "location": null,
          "numPassingAsserts": 2,
          "retryReasons": [],
          "startAt": 1778444764618,
          "status": "passed",
          "title": "renders multiple children"
        }
      ],
      "endTime": 1778444764627,
      "message": "",
      "name": "/home/gestalt/Desktop/REPOS/jonathan-verdun-portfolio/src/__tests__/MotionProvider.test.tsx",
      "startTime": 1778444764170,
      "status": "passed",
      "summary": ""
    },
    {
      "assertionResults": [
        {
          "ancestorTitles": ["DataEngineeringService"],
          "duration": 2,
          "failing": false,
          "failureDetails": [],
          "failureMessages": [],
          "fullName": "DataEngineeringService returns valid system specs",
          "invocations": 1,
          "location": null,
          "numPassingAsserts": 2,
          "retryReasons": [],
          "startAt": 1778444764619,
          "status": "passed",
          "title": "returns valid system specs"
        },
        {
          "ancestorTitles": ["BioinformaticsService"],
          "duration": 1,
          "failing": false,
          "failureDetails": [],
          "failureMessages": [],
          "fullName": "BioinformaticsService returns valid research specs",
          "invocations": 1,
          "location": null,
          "numPassingAsserts": 2,
          "retryReasons": [],
          "startAt": 1778444764621,
          "status": "passed",
          "title": "returns valid research specs"
        },
        {
          "ancestorTitles": ["ProjectService"],
          "duration": 3,
          "failing": false,
          "failureDetails": [],
          "failureMessages": [],
          "fullName": "ProjectService returns valid projects",
          "invocations": 1,
          "location": null,
          "numPassingAsserts": 2,
          "retryReasons": [],
          "startAt": 1778444764622,
          "status": "passed",
          "title": "returns valid projects"
        },
        {
          "ancestorTitles": ["TerminalContract — generateLsOutput"],
          "duration": 2,
          "failing": false,
          "failureDetails": [],
          "failureMessages": [],
          "fullName": "TerminalContract — generateLsOutput assigns directory perms to QA projects and file perms to others",
          "invocations": 1,
          "location": null,
          "numPassingAsserts": 2,
          "retryReasons": [],
          "startAt": 1778444764625,
          "status": "passed",
          "title": "assigns directory perms to QA projects and file perms to others"
        },
        {
          "ancestorTitles": ["TerminalContract — generateLsOutput"],
          "duration": 1,
          "failing": false,
          "failureDetails": [],
          "failureMessages": [],
          "fullName": "TerminalContract — generateLsOutput handles empty projects array",
          "invocations": 1,
          "location": null,
          "numPassingAsserts": 1,
          "retryReasons": [],
          "startAt": 1778444764627,
          "status": "passed",
          "title": "handles empty projects array"
        },
        {
          "ancestorTitles": ["TerminalContract — generateLsOutput"],
          "duration": 2,
          "failing": false,
          "failureDetails": [],
          "failureMessages": [],
          "fullName": "TerminalContract — generateLsOutput exports valid boot and interactive commands",
          "invocations": 1,
          "location": null,
          "numPassingAsserts": 5,
          "retryReasons": [],
          "startAt": 1778444764628,
          "status": "passed",
          "title": "exports valid boot and interactive commands"
        },
        {
          "ancestorTitles": ["QA Contract Invariants"],
          "duration": 0,
          "failing": false,
          "failureDetails": [],
          "failureMessages": [],
          "fullName": "QA Contract Invariants should maintain stable status for strategy layer",
          "invocations": 1,
          "location": null,
          "numPassingAsserts": 1,
          "retryReasons": [],
          "startAt": 1778444764630,
          "status": "passed",
          "title": "should maintain stable status for strategy layer"
        },
        {
          "ancestorTitles": ["QA Contract Invariants"],
          "duration": 2,
          "failing": false,
          "failureDetails": [],
          "failureMessages": [],
          "fullName": "QA Contract Invariants should have non-empty constraints for system integrity",
          "invocations": 1,
          "location": null,
          "numPassingAsserts": 9,
          "retryReasons": [],
          "startAt": 1778444764630,
          "status": "passed",
          "title": "should have non-empty constraints for system integrity"
        },
        {
          "ancestorTitles": ["QA Contract Invariants"],
          "duration": 2,
          "failing": false,
          "failureDetails": [],
          "failureMessages": [],
          "fullName": "QA Contract Invariants every specification has a non-empty objective",
          "invocations": 1,
          "location": null,
          "numPassingAsserts": 13,
          "retryReasons": [],
          "startAt": 1778444764632,
          "status": "passed",
          "title": "every specification has a non-empty objective"
        }
      ],
      "endTime": 1778444764637,
      "message": "",
      "name": "/home/gestalt/Desktop/REPOS/jonathan-verdun-portfolio/src/__tests__/contracts.test.tsx",
      "startTime": 1778444764465,
      "status": "passed",
      "summary": ""
    },
    {
      "assertionResults": [
        {
          "ancestorTitles": ["BioinformaticsService - High-Dimensional Modeling"],
          "duration": 2,
          "failing": false,
          "failureDetails": [],
          "failureMessages": [],
          "fullName": "BioinformaticsService - High-Dimensional Modeling should maintain deterministic output for research specs",
          "invocations": 1,
          "location": null,
          "numPassingAsserts": 1,
          "retryReasons": [],
          "startAt": 1778444764637,
          "status": "passed",
          "title": "should maintain deterministic output for research specs"
        },
        {
          "ancestorTitles": ["BioinformaticsService - High-Dimensional Modeling"],
          "duration": 0,
          "failing": false,
          "failureDetails": [],
          "failureMessages": [],
          "fullName": "BioinformaticsService - High-Dimensional Modeling should have determinism invariants for Codon Encoding research",
          "invocations": 1,
          "location": null,
          "numPassingAsserts": 1,
          "retryReasons": [],
          "startAt": 1778444764639,
          "status": "passed",
          "title": "should have determinism invariants for Codon Encoding research"
        },
        {
          "ancestorTitles": ["BioinformaticsService - High-Dimensional Modeling"],
          "duration": 0,
          "failing": false,
          "failureDetails": [],
          "failureMessages": [],
          "fullName": "BioinformaticsService - High-Dimensional Modeling should verify invariants for all research specs",
          "invocations": 1,
          "location": null,
          "numPassingAsserts": 10,
          "retryReasons": [],
          "startAt": 1778444764640,
          "status": "passed",
          "title": "should verify invariants for all research specs"
        }
      ],
      "endTime": 1778444764641,
      "message": "",
      "name": "/home/gestalt/Desktop/REPOS/jonathan-verdun-portfolio/src/__tests__/contracts-extended.test.tsx",
      "startTime": 1778444764521,
      "status": "passed",
      "summary": ""
    },
    {
      "assertionResults": [
        {
          "ancestorTitles": ["Terminal"],
          "duration": 151,
          "failing": false,
          "failureDetails": [],
          "failureMessages": [],
          "fullName": "Terminal renders boot commands in the output log",
          "invocations": 1,
          "location": null,
          "numPassingAsserts": 2,
          "retryReasons": [],
          "startAt": 1778444760828,
          "status": "passed",
          "title": "renders boot commands in the output log"
        },
        {
          "ancestorTitles": ["Terminal"],
          "duration": 96,
          "failing": false,
          "failureDetails": [],
          "failureMessages": [],
          "fullName": "Terminal has role=\"log\" with an accessible label on the output area",
          "invocations": 1,
          "location": null,
          "numPassingAsserts": 1,
          "retryReasons": [],
          "startAt": 1778444760979,
          "status": "passed",
          "title": "has role=\"log\" with an accessible label on the output area"
        },
        {
          "ancestorTitles": ["Terminal"],
          "duration": 70,
          "failing": false,
          "failureDetails": [],
          "failureMessages": [],
          "fullName": "Terminal shows the input field only after boot completes",
          "invocations": 1,
          "location": null,
          "numPassingAsserts": 1,
          "retryReasons": [],
          "startAt": 1778444761076,
          "status": "passed",
          "title": "shows the input field only after boot completes"
        },
        {
          "ancestorTitles": ["Terminal"],
          "duration": 53,
          "failing": false,
          "failureDetails": [],
          "failureMessages": [],
          "fullName": "Terminal ignores keyboard input while booting",
          "invocations": 1,
          "location": null,
          "numPassingAsserts": 1,
          "retryReasons": [],
          "startAt": 1778444761146,
          "status": "passed",
          "title": "ignores keyboard input while booting"
        },
        {
          "ancestorTitles": ["Terminal"],
          "duration": 662,
          "failing": false,
          "failureDetails": [],
          "failureMessages": [],
          "fullName": "Terminal submitting a command via Enter appends it to history with processor output",
          "invocations": 1,
          "location": null,
          "numPassingAsserts": 3,
          "retryReasons": [],
          "startAt": 1778444761199,
          "status": "passed",
          "title": "submitting a command via Enter appends it to history with processor output"
        },
        {
          "ancestorTitles": ["Terminal"],
          "duration": 652,
          "failing": false,
          "failureDetails": [],
          "failureMessages": [],
          "fullName": "Terminal typing \"clear\" resets history — prior boot output disappears",
          "invocations": 1,
          "location": null,
          "numPassingAsserts": 3,
          "retryReasons": [],
          "startAt": 1778444761862,
          "status": "passed",
          "title": "typing \"clear\" resets history — prior boot output disappears"
        },
        {
          "ancestorTitles": ["Terminal"],
          "duration": 536,
          "failing": false,
          "failureDetails": [],
          "failureMessages": [],
          "fullName": "Terminal Ctrl+L keyboard shortcut clears history",
          "invocations": 1,
          "location": null,
          "numPassingAsserts": 3,
          "retryReasons": [],
          "startAt": 1778444762516,
          "status": "passed",
          "title": "Ctrl+L keyboard shortcut clears history"
        },
        {
          "ancestorTitles": ["Terminal"],
          "duration": 643,
          "failing": false,
          "failureDetails": [],
          "failureMessages": [],
          "fullName": "Terminal ignores blank input — processor is not called for whitespace-only commands",
          "invocations": 1,
          "location": null,
          "numPassingAsserts": 2,
          "retryReasons": [],
          "startAt": 1778444763052,
          "status": "passed",
          "title": "ignores blank input — processor is not called for whitespace-only commands"
        },
        {
          "ancestorTitles": ["Terminal"],
          "duration": 651,
          "failing": false,
          "failureDetails": [],
          "failureMessages": [],
          "fullName": "Terminal ArrowUp populates the input with the last executed command",
          "invocations": 1,
          "location": null,
          "numPassingAsserts": 2,
          "retryReasons": [],
          "startAt": 1778444763697,
          "status": "passed",
          "title": "ArrowUp populates the input with the last executed command"
        },
        {
          "ancestorTitles": ["Terminal"],
          "duration": 579,
          "failing": false,
          "failureDetails": [],
          "failureMessages": [],
          "fullName": "Terminal ArrowDown after ArrowUp restores the draft input",
          "invocations": 1,
          "location": null,
          "numPassingAsserts": 2,
          "retryReasons": [],
          "startAt": 1778444764348,
          "status": "passed",
          "title": "ArrowDown after ArrowUp restores the draft input"
        }
      ],
      "endTime": 1778444764929,
      "message": "",
      "name": "/home/gestalt/Desktop/REPOS/jonathan-verdun-portfolio/src/__tests__/Terminal.test.tsx",
      "startTime": 1778444759761,
      "status": "passed",
      "summary": ""
    }
  ],
  "wasInterrupted": false
}
