{
  "numFailedTestSuites": 0,
  "numFailedTests": 0,
  "numPassedTestSuites": 34,
  "numPassedTests": 267,
  "numPendingTestSuites": 0,
  "numPendingTests": 0,
  "numRuntimeErrorTestSuites": 0,
  "numTodoTests": 0,
  "numTotalTestSuites": 34,
  "numTotalTests": 267,
  "openHandles": [],
  "snapshot": {
    "added": 0,
    "didUpdate": false,
    "failure": false,
    "filesAdded": 0,
    "filesRemoved": 0,
    "filesRemovedList": [],
    "filesUnmatched": 0,
    "filesUpdated": 0,
    "matched": 0,
    "total": 0,
    "unchecked": 0,
    "uncheckedKeysByFile": [],
    "unmatched": 0,
    "updated": 0
  },
  "startTime": 1778257598257,
  "success": true,
  "testResults": [
    {
      "assertionResults": [
        {
          "ancestorTitles": ["LanguageSelector"],
          "duration": 107,
          "failing": false,
          "failureDetails": [],
          "failureMessages": [],
          "fullName": "LanguageSelector renders a nav landmark with the correct aria-label",
          "invocations": 1,
          "location": null,
          "numPassingAsserts": 1,
          "retryReasons": [],
          "startAt": 1778257600329,
          "status": "passed",
          "title": "renders a nav landmark with the correct aria-label"
        },
        {
          "ancestorTitles": ["LanguageSelector"],
          "duration": 38,
          "failing": false,
          "failureDetails": [],
          "failureMessages": [],
          "fullName": "LanguageSelector renders EN and ES links",
          "invocations": 1,
          "location": null,
          "numPassingAsserts": 2,
          "retryReasons": [],
          "startAt": 1778257600438,
          "status": "passed",
          "title": "renders EN and ES links"
        },
        {
          "ancestorTitles": ["LanguageSelector", "on the English route (/)"],
          "duration": 28,
          "failing": false,
          "failureDetails": [],
          "failureMessages": [],
          "fullName": "LanguageSelector on the English route (/) EN link has aria-current=\"page\"",
          "invocations": 1,
          "location": null,
          "numPassingAsserts": 1,
          "retryReasons": [],
          "startAt": 1778257600476,
          "status": "passed",
          "title": "EN link has aria-current=\"page\""
        },
        {
          "ancestorTitles": ["LanguageSelector", "on the English route (/)"],
          "duration": 14,
          "failing": false,
          "failureDetails": [],
          "failureMessages": [],
          "fullName": "LanguageSelector on the English route (/) ES link does not have aria-current",
          "invocations": 1,
          "location": null,
          "numPassingAsserts": 1,
          "retryReasons": [],
          "startAt": 1778257600504,
          "status": "passed",
          "title": "ES link does not have aria-current"
        },
        {
          "ancestorTitles": ["LanguageSelector", "on the Spanish route (/es/)"],
          "duration": 44,
          "failing": false,
          "failureDetails": [],
          "failureMessages": [],
          "fullName": "LanguageSelector on the Spanish route (/es/) ES link has aria-current=\"page\"",
          "invocations": 1,
          "location": null,
          "numPassingAsserts": 1,
          "retryReasons": [],
          "startAt": 1778257600519,
          "status": "passed",
          "title": "ES link has aria-current=\"page\""
        },
        {
          "ancestorTitles": ["LanguageSelector", "on the Spanish route (/es/)"],
          "duration": 41,
          "failing": false,
          "failureDetails": [],
          "failureMessages": [],
          "fullName": "LanguageSelector on the Spanish route (/es/) EN link does not have aria-current",
          "invocations": 1,
          "location": null,
          "numPassingAsserts": 1,
          "retryReasons": [],
          "startAt": 1778257600563,
          "status": "passed",
          "title": "EN link does not have aria-current"
        },
        {
          "ancestorTitles": ["LanguageSelector"],
          "duration": 12,
          "failing": false,
          "failureDetails": [],
          "failureMessages": [],
          "fullName": "LanguageSelector EN link points to /",
          "invocations": 1,
          "location": null,
          "numPassingAsserts": 1,
          "retryReasons": [],
          "startAt": 1778257600604,
          "status": "passed",
          "title": "EN link points to /"
        },
        {
          "ancestorTitles": ["LanguageSelector"],
          "duration": 36,
          "failing": false,
          "failureDetails": [],
          "failureMessages": [],
          "fullName": "LanguageSelector ES link href targets the /es/ route",
          "invocations": 1,
          "location": null,
          "numPassingAsserts": 1,
          "retryReasons": [],
          "startAt": 1778257600616,
          "status": "passed",
          "title": "ES link href targets the /es/ route"
        },
        {
          "ancestorTitles": ["LanguageSelector"],
          "duration": 28,
          "failing": false,
          "failureDetails": [],
          "failureMessages": [],
          "fullName": "LanguageSelector treats null pathname as root — EN link gets aria-current=\"page\"",
          "invocations": 1,
          "location": null,
          "numPassingAsserts": 1,
          "retryReasons": [],
          "startAt": 1778257600652,
          "status": "passed",
          "title": "treats null pathname as root — EN link gets aria-current=\"page\""
        }
      ],
      "endTime": 1778257600683,
      "message": "",
      "name": "/home/gestalt/Desktop/REPOS/jonathan-verdun-portfolio/src/__tests__/LanguageSelector.test.tsx",
      "startTime": 1778257599475,
      "status": "passed",
      "summary": ""
    },
    {
      "assertionResults": [
        {
          "ancestorTitles": ["HeroHeader — workHistory guard (L1)"],
          "duration": 247,
          "failing": false,
          "failureDetails": [],
          "failureMessages": [],
          "fullName": "HeroHeader — workHistory guard (L1) does not render the Work History card when workHistory is empty",
          "invocations": 1,
          "location": null,
          "numPassingAsserts": 1,
          "retryReasons": [],
          "startAt": 1778257600484,
          "status": "passed",
          "title": "does not render the Work History card when workHistory is empty"
        },
        {
          "ancestorTitles": ["HeroHeader — workHistory guard (L1)"],
          "duration": 35,
          "failing": false,
          "failureDetails": [],
          "failureMessages": [],
          "fullName": "HeroHeader — workHistory guard (L1) renders the Work History card when workHistory has entries",
          "invocations": 1,
          "location": null,
          "numPassingAsserts": 1,
          "retryReasons": [],
          "startAt": 1778257600732,
          "status": "passed",
          "title": "renders the Work History card when workHistory has entries"
        },
        {
          "ancestorTitles": ["HeroHeader — role/period subtext branch (L4)"],
          "duration": 23,
          "failing": false,
          "failureDetails": [],
          "failureMessages": [],
          "fullName": "HeroHeader — role/period subtext branch (L4) does not render role/period subtext when entry has no role or period",
          "invocations": 1,
          "location": null,
          "numPassingAsserts": 1,
          "retryReasons": [],
          "startAt": 1778257600767,
          "status": "passed",
          "title": "does not render role/period subtext when entry has no role or period"
        },
        {
          "ancestorTitles": ["HeroHeader — role/period subtext branch (L4)"],
          "duration": 26,
          "failing": false,
          "failureDetails": [],
          "failureMessages": [],
          "fullName": "HeroHeader — role/period subtext branch (L4) renders subtext with role only",
          "invocations": 1,
          "location": null,
          "numPassingAsserts": 1,
          "retryReasons": [],
          "startAt": 1778257600791,
          "status": "passed",
          "title": "renders subtext with role only"
        },
        {
          "ancestorTitles": ["HeroHeader — role/period subtext branch (L4)"],
          "duration": 23,
          "failing": false,
          "failureDetails": [],
          "failureMessages": [],
          "fullName": "HeroHeader — role/period subtext branch (L4) renders subtext with both role and period separated by ·",
          "invocations": 1,
          "location": null,
          "numPassingAsserts": 1,
          "retryReasons": [],
          "startAt": 1778257600817,
          "status": "passed",
          "title": "renders subtext with both role and period separated by ·"
        }
      ],
      "endTime": 1778257600843,
      "message": "",
      "name": "/home/gestalt/Desktop/REPOS/jonathan-verdun-portfolio/src/__tests__/HeroHeader.branches.test.tsx",
      "startTime": 1778257599399,
      "status": "passed",
      "summary": ""
    },
    {
      "assertionResults": [
        {
          "ancestorTitles": ["ProjectCard"],
          "duration": 370,
          "failing": false,
          "failureDetails": [],
          "failureMessages": [],
          "fullName": "ProjectCard renders the project title",
          "invocations": 1,
          "location": null,
          "numPassingAsserts": 1,
          "retryReasons": [],
          "startAt": 1778257600474,
          "status": "passed",
          "title": "renders the project title"
        },
        {
          "ancestorTitles": ["ProjectCard"],
          "duration": 26,
          "failing": false,
          "failureDetails": [],
          "failureMessages": [],
          "fullName": "ProjectCard renders the project description",
          "invocations": 1,
          "location": null,
          "numPassingAsserts": 1,
          "retryReasons": [],
          "startAt": 1778257600844,
          "status": "passed",
          "title": "renders the project description"
        },
        {
          "ancestorTitles": ["ProjectCard"],
          "duration": 23,
          "failing": false,
          "failureDetails": [],
          "failureMessages": [],
          "fullName": "ProjectCard renders tech stack items",
          "invocations": 1,
          "location": null,
          "numPassingAsserts": 2,
          "retryReasons": [],
          "startAt": 1778257600870,
          "status": "passed",
          "title": "renders tech stack items"
        },
        {
          "ancestorTitles": ["ProjectCard"],
          "duration": 37,
          "failing": false,
          "failureDetails": [],
          "failureMessages": [],
          "fullName": "ProjectCard renders an external link when project.link is provided",
          "invocations": 1,
          "location": null,
          "numPassingAsserts": 1,
          "retryReasons": [],
          "startAt": 1778257600893,
          "status": "passed",
          "title": "renders an external link when project.link is provided"
        },
        {
          "ancestorTitles": ["ProjectCard"],
          "duration": 11,
          "failing": false,
          "failureDetails": [],
          "failureMessages": [],
          "fullName": "ProjectCard does not render a link when project.link is absent",
          "invocations": 1,
          "location": null,
          "numPassingAsserts": 1,
          "retryReasons": [],
          "startAt": 1778257600930,
          "status": "passed",
          "title": "does not render a link when project.link is absent"
        },
        {
          "ancestorTitles": ["ProjectCard"],
          "duration": 13,
          "failing": false,
          "failureDetails": [],
          "failureMessages": [],
          "fullName": "ProjectCard renders stats when present",
          "invocations": 1,
          "location": null,
          "numPassingAsserts": 2,
          "retryReasons": [],
          "startAt": 1778257600942,
          "status": "passed",
          "title": "renders stats when present"
        },
        {
          "ancestorTitles": ["ProjectCard"],
          "duration": 13,
          "failing": false,
          "failureDetails": [],
          "failureMessages": [],
          "fullName": "ProjectCard applies fallback zinc style for an unknown status",
          "invocations": 1,
          "location": null,
          "numPassingAsserts": 1,
          "retryReasons": [],
          "startAt": 1778257600955,
          "status": "passed",
          "title": "applies fallback zinc style for an unknown status"
        }
      ],
      "endTime": 1778257600971,
      "message": "",
      "name": "/home/gestalt/Desktop/REPOS/jonathan-verdun-portfolio/src/__tests__/ProjectCard.test.tsx",
      "startTime": 1778257599423,
      "status": "passed",
      "summary": ""
    },
    {
      "assertionResults": [
        {
          "ancestorTitles": ["SectionHeader"],
          "duration": 430,
          "failing": false,
          "failureDetails": [],
          "failureMessages": [],
          "fullName": "SectionHeader renders the title as an h2",
          "invocations": 1,
          "location": null,
          "numPassingAsserts": 1,
          "retryReasons": [],
          "startAt": 1778257600410,
          "status": "passed",
          "title": "renders the title as an h2"
        },
        {
          "ancestorTitles": ["SectionHeader"],
          "duration": 13,
          "failing": false,
          "failureDetails": [],
          "failureMessages": [],
          "fullName": "SectionHeader renders the icon node inside the badge",
          "invocations": 1,
          "location": null,
          "numPassingAsserts": 1,
          "retryReasons": [],
          "startAt": 1778257600841,
          "status": "passed",
          "title": "renders the icon node inside the badge"
        },
        {
          "ancestorTitles": ["SectionHeader"],
          "duration": 14,
          "failing": false,
          "failureDetails": [],
          "failureMessages": [],
          "fullName": "SectionHeader renders the accent line when showAccentLine is true",
          "invocations": 1,
          "location": null,
          "numPassingAsserts": 1,
          "retryReasons": [],
          "startAt": 1778257600854,
          "status": "passed",
          "title": "renders the accent line when showAccentLine is true"
        },
        {
          "ancestorTitles": ["SectionHeader"],
          "duration": 10,
          "failing": false,
          "failureDetails": [],
          "failureMessages": [],
          "fullName": "SectionHeader does not render the accent line by default",
          "invocations": 1,
          "location": null,
          "numPassingAsserts": 1,
          "retryReasons": [],
          "startAt": 1778257600869,
          "status": "passed",
          "title": "does not render the accent line by default"
        },
        {
          "ancestorTitles": ["SectionHeader"],
          "duration": 12,
          "failing": false,
          "failureDetails": [],
          "failureMessages": [],
          "fullName": "SectionHeader applies border-bottom class when showBorderBottom is true",
          "invocations": 1,
          "location": null,
          "numPassingAsserts": 1,
          "retryReasons": [],
          "startAt": 1778257600881,
          "status": "passed",
          "title": "applies border-bottom class when showBorderBottom is true"
        },
        {
          "ancestorTitles": ["SectionHeader"],
          "duration": 8,
          "failing": false,
          "failureDetails": [],
          "failureMessages": [],
          "fullName": "SectionHeader does not apply border-bottom by default",
          "invocations": 1,
          "location": null,
          "numPassingAsserts": 1,
          "retryReasons": [],
          "startAt": 1778257600894,
          "status": "passed",
          "title": "does not apply border-bottom by default"
        },
        {
          "ancestorTitles": ["SectionHeader"],
          "duration": 60,
          "failing": false,
          "failureDetails": [],
          "failureMessages": [],
          "fullName": "SectionHeader applies the correct badge color class for each color prop",
          "invocations": 1,
          "location": null,
          "numPassingAsserts": 4,
          "retryReasons": [],
          "startAt": 1778257600903,
          "status": "passed",
          "title": "applies the correct badge color class for each color prop"
        },
        {
          "ancestorTitles": ["SectionHeader"],
          "duration": 18,
          "failing": false,
          "failureDetails": [],
          "failureMessages": [],
          "fullName": "SectionHeader renders without error when only required props are provided",
          "invocations": 1,
          "location": null,
          "numPassingAsserts": 1,
          "retryReasons": [],
          "startAt": 1778257600964,
          "status": "passed",
          "title": "renders without error when only required props are provided"
        }
      ],
      "endTime": 1778257600986,
      "message": "",
      "name": "/home/gestalt/Desktop/REPOS/jonathan-verdun-portfolio/src/__tests__/SectionHeader.test.tsx",
      "startTime": 1778257599458,
      "status": "passed",
      "summary": ""
    },
    {
      "assertionResults": [
        {
          "ancestorTitles": ["SiteFooter"],
          "duration": 280,
          "failing": false,
          "failureDetails": [],
          "failureMessages": [],
          "fullName": "SiteFooter renders as a footer landmark",
          "invocations": 1,
          "location": null,
          "numPassingAsserts": 1,
          "retryReasons": [],
          "startAt": 1778257600519,
          "status": "passed",
          "title": "renders as a footer landmark"
        },
        {
          "ancestorTitles": ["SiteFooter"],
          "duration": 30,
          "failing": false,
          "failureDetails": [],
          "failureMessages": [],
          "fullName": "SiteFooter renders the site name",
          "invocations": 1,
          "location": null,
          "numPassingAsserts": 1,
          "retryReasons": [],
          "startAt": 1778257600800,
          "status": "passed",
          "title": "renders the site name"
        },
        {
          "ancestorTitles": ["SiteFooter"],
          "duration": 71,
          "failing": false,
          "failureDetails": [],
          "failureMessages": [],
          "fullName": "SiteFooter renders GitHub link with correct href and rel",
          "invocations": 1,
          "location": null,
          "numPassingAsserts": 3,
          "retryReasons": [],
          "startAt": 1778257600831,
          "status": "passed",
          "title": "renders GitHub link with correct href and rel"
        },
        {
          "ancestorTitles": ["SiteFooter"],
          "duration": 51,
          "failing": false,
          "failureDetails": [],
          "failureMessages": [],
          "fullName": "SiteFooter renders LinkedIn link with correct href and rel",
          "invocations": 1,
          "location": null,
          "numPassingAsserts": 3,
          "retryReasons": [],
          "startAt": 1778257600902,
          "status": "passed",
          "title": "renders LinkedIn link with correct href and rel"
        },
        {
          "ancestorTitles": ["SiteFooter"],
          "duration": 61,
          "failing": false,
          "failureDetails": [],
          "failureMessages": [],
          "fullName": "SiteFooter renders email link without target=\"_blank\"",
          "invocations": 1,
          "location": null,
          "numPassingAsserts": 2,
          "retryReasons": [],
          "startAt": 1778257600954,
          "status": "passed",
          "title": "renders email link without target=\"_blank\""
        },
        {
          "ancestorTitles": ["SiteFooter"],
          "duration": 15,
          "failing": false,
          "failureDetails": [],
          "failureMessages": [],
          "fullName": "SiteFooter renders the current year in the copyright line",
          "invocations": 1,
          "location": null,
          "numPassingAsserts": 1,
          "retryReasons": [],
          "startAt": 1778257601019,
          "status": "passed",
          "title": "renders the current year in the copyright line"
        },
        {
          "ancestorTitles": ["SiteFooter"],
          "duration": 35,
          "failing": false,
          "failureDetails": [],
          "failureMessages": [],
          "fullName": "SiteFooter renders the @gesttaltt GitHub handle as a link",
          "invocations": 1,
          "location": null,
          "numPassingAsserts": 1,
          "retryReasons": [],
          "startAt": 1778257601035,
          "status": "passed",
          "title": "renders the @gesttaltt GitHub handle as a link"
        },
        {
          "ancestorTitles": ["SiteFooter"],
          "duration": 19,
          "failing": false,
          "failureDetails": [],
          "failureMessages": [],
          "fullName": "SiteFooter renders the tech stack line",
          "invocations": 1,
          "location": null,
          "numPassingAsserts": 2,
          "retryReasons": [],
          "startAt": 1778257601071,
          "status": "passed",
          "title": "renders the tech stack line"
        }
      ],
      "endTime": 1778257601093,
      "message": "",
      "name": "/home/gestalt/Desktop/REPOS/jonathan-verdun-portfolio/src/__tests__/SiteFooter.test.tsx",
      "startTime": 1778257599399,
      "status": "passed",
      "summary": ""
    },
    {
      "assertionResults": [
        {
          "ancestorTitles": ["HeroHeader"],
          "duration": 295,
          "failing": false,
          "failureDetails": [],
          "failureMessages": [],
          "fullName": "HeroHeader renders the name as an h1 heading",
          "invocations": 1,
          "location": null,
          "numPassingAsserts": 1,
          "retryReasons": [],
          "startAt": 1778257600608,
          "status": "passed",
          "title": "renders the name as an h1 heading"
        },
        {
          "ancestorTitles": ["HeroHeader"],
          "duration": 26,
          "failing": false,
          "failureDetails": [],
          "failureMessages": [],
          "fullName": "HeroHeader renders the tagline from siteConfig",
          "invocations": 1,
          "location": null,
          "numPassingAsserts": 1,
          "retryReasons": [],
          "startAt": 1778257600904,
          "status": "passed",
          "title": "renders the tagline from siteConfig"
        },
        {
          "ancestorTitles": ["HeroHeader"],
          "duration": 57,
          "failing": false,
          "failureDetails": [],
          "failureMessages": [],
          "fullName": "HeroHeader GitHub link has rel=\"noopener noreferrer\" and target=\"_blank\"",
          "invocations": 1,
          "location": null,
          "numPassingAsserts": 2,
          "retryReasons": [],
          "startAt": 1778257600930,
          "status": "passed",
          "title": "GitHub link has rel=\"noopener noreferrer\" and target=\"_blank\""
        },
        {
          "ancestorTitles": ["HeroHeader"],
          "duration": 42,
          "failing": false,
          "failureDetails": [],
          "failureMessages": [],
          "fullName": "HeroHeader GitHub link has a descriptive aria-label",
          "invocations": 1,
          "location": null,
          "numPassingAsserts": 1,
          "retryReasons": [],
          "startAt": 1778257600988,
          "status": "passed",
          "title": "GitHub link has a descriptive aria-label"
        },
        {
          "ancestorTitles": ["HeroHeader"],
          "duration": 55,
          "failing": false,
          "failureDetails": [],
          "failureMessages": [],
          "fullName": "HeroHeader LinkedIn link has rel=\"noopener noreferrer\" and target=\"_blank\"",
          "invocations": 1,
          "location": null,
          "numPassingAsserts": 2,
          "retryReasons": [],
          "startAt": 1778257601030,
          "status": "passed",
          "title": "LinkedIn link has rel=\"noopener noreferrer\" and target=\"_blank\""
        },
        {
          "ancestorTitles": ["HeroHeader"],
          "duration": 25,
          "failing": false,
          "failureDetails": [],
          "failureMessages": [],
          "fullName": "HeroHeader LinkedIn link has a descriptive aria-label",
          "invocations": 1,
          "location": null,
          "numPassingAsserts": 1,
          "retryReasons": [],
          "startAt": 1778257601086,
          "status": "passed",
          "title": "LinkedIn link has a descriptive aria-label"
        },
        {
          "ancestorTitles": ["HeroHeader"],
          "duration": 36,
          "failing": false,
          "failureDetails": [],
          "failureMessages": [],
          "fullName": "HeroHeader work history org link has rel=\"noopener noreferrer\" and target=\"_blank\"",
          "invocations": 1,
          "location": null,
          "numPassingAsserts": 2,
          "retryReasons": [],
          "startAt": 1778257601112,
          "status": "passed",
          "title": "work history org link has rel=\"noopener noreferrer\" and target=\"_blank\""
        },
        {
          "ancestorTitles": ["HeroHeader"],
          "duration": 27,
          "failing": false,
          "failureDetails": [],
          "failureMessages": [],
          "fullName": "HeroHeader all external links open in a new tab",
          "invocations": 1,
          "location": null,
          "numPassingAsserts": 4,
          "retryReasons": [],
          "startAt": 1778257601148,
          "status": "passed",
          "title": "all external links open in a new tab"
        }
      ],
      "endTime": 1778257601178,
      "message": "",
      "name": "/home/gestalt/Desktop/REPOS/jonathan-verdun-portfolio/src/__tests__/HeroHeader.test.tsx",
      "startTime": 1778257599447,
      "status": "passed",
      "summary": ""
    },
    {
      "assertionResults": [
        {
          "ancestorTitles": ["CommandProcessor — property-based"],
          "duration": 79,
          "failing": false,
          "failureDetails": [],
          "failureMessages": [],
          "fullName": "CommandProcessor — property-based always returns a string for any input",
          "invocations": 1,
          "location": null,
          "numPassingAsserts": 200,
          "retryReasons": [],
          "startAt": 1778257600395,
          "status": "passed",
          "title": "always returns a string for any input"
        },
        {
          "ancestorTitles": ["CommandProcessor — property-based"],
          "duration": 23,
          "failing": false,
          "failureDetails": [],
          "failureMessages": [],
          "fullName": "CommandProcessor — property-based unknown commands always echo the original input back in the error message",
          "invocations": 1,
          "location": null,
          "numPassingAsserts": 100,
          "retryReasons": [],
          "startAt": 1778257600475,
          "status": "passed",
          "title": "unknown commands always echo the original input back in the error message"
        },
        {
          "ancestorTitles": ["CommandProcessor — property-based"],
          "duration": 13,
          "failing": false,
          "failureDetails": [],
          "failureMessages": [],
          "fullName": "CommandProcessor — property-based process is case-insensitive for known commands",
          "invocations": 1,
          "location": null,
          "numPassingAsserts": 100,
          "retryReasons": [],
          "startAt": 1778257600499,
          "status": "passed",
          "title": "process is case-insensitive for known commands"
        },
        {
          "ancestorTitles": ["CommandProcessor — property-based"],
          "duration": 18,
          "failing": false,
          "failureDetails": [],
          "failureMessages": [],
          "fullName": "CommandProcessor — property-based empty-ish inputs (whitespace only) do not throw",
          "invocations": 1,
          "location": null,
          "numPassingAsserts": 100,
          "retryReasons": [],
          "startAt": 1778257600513,
          "status": "passed",
          "title": "empty-ish inputs (whitespace only) do not throw"
        },
        {
          "ancestorTitles": ["ES CommandProcessor — property-based"],
          "duration": 31,
          "failing": false,
          "failureDetails": [],
          "failureMessages": [],
          "fullName": "ES CommandProcessor — property-based always returns a string for any ES input",
          "invocations": 1,
          "location": null,
          "numPassingAsserts": 200,
          "retryReasons": [],
          "startAt": 1778257600532,
          "status": "passed",
          "title": "always returns a string for any ES input"
        },
        {
          "ancestorTitles": ["ES CommandProcessor — property-based"],
          "duration": 25,
          "failing": false,
          "failureDetails": [],
          "failureMessages": [],
          "fullName": "ES CommandProcessor — property-based unknown ES commands echo the original input back in the error message",
          "invocations": 1,
          "location": null,
          "numPassingAsserts": 100,
          "retryReasons": [],
          "startAt": 1778257600563,
          "status": "passed",
          "title": "unknown ES commands echo the original input back in the error message"
        },
        {
          "ancestorTitles": ["ES CommandProcessor — property-based"],
          "duration": 16,
          "failing": false,
          "failureDetails": [],
          "failureMessages": [],
          "fullName": "ES CommandProcessor — property-based ES process is case-insensitive for known commands",
          "invocations": 1,
          "location": null,
          "numPassingAsserts": 100,
          "retryReasons": [],
          "startAt": 1778257600588,
          "status": "passed",
          "title": "ES process is case-insensitive for known commands"
        },
        {
          "ancestorTitles": ["ProjectService — property-based"],
          "duration": 14,
          "failing": false,
          "failureDetails": [],
          "failureMessages": [],
          "fullName": "ProjectService — property-based getProjects is deterministic across repeated calls",
          "invocations": 1,
          "location": null,
          "numPassingAsserts": 100,
          "retryReasons": [],
          "startAt": 1778257600604,
          "status": "passed",
          "title": "getProjects is deterministic across repeated calls"
        },
        {
          "ancestorTitles": ["ProjectService — property-based"],
          "duration": 234,
          "failing": false,
          "failureDetails": [],
          "failureMessages": [],
          "fullName": "ProjectService — property-based every project satisfies the required shape invariants",
          "invocations": 1,
          "location": null,
          "numPassingAsserts": 1806,
          "retryReasons": [],
          "startAt": 1778257600618,
          "status": "passed",
          "title": "every project satisfies the required shape invariants"
        },
        {
          "ancestorTitles": ["ProjectService — property-based"],
          "duration": 16,
          "failing": false,
          "failureDetails": [],
          "failureMessages": [],
          "fullName": "ProjectService — property-based all project IDs are globally unique across the dataset",
          "invocations": 1,
          "location": null,
          "numPassingAsserts": 100,
          "retryReasons": [],
          "startAt": 1778257600853,
          "status": "passed",
          "title": "all project IDs are globally unique across the dataset"
        },
        {
          "ancestorTitles": ["ProjectService — property-based"],
          "duration": 75,
          "failing": false,
          "failureDetails": [],
          "failureMessages": [],
          "fullName": "ProjectService — property-based stats entries always have non-empty label and value when present",
          "invocations": 1,
          "location": null,
          "numPassingAsserts": 800,
          "retryReasons": [],
          "startAt": 1778257600870,
          "status": "passed",
          "title": "stats entries always have non-empty label and value when present"
        },
        {
          "ancestorTitles": ["DataEngineeringService — property-based"],
          "duration": 44,
          "failing": false,
          "failureDetails": [],
          "failureMessages": [],
          "fullName": "DataEngineeringService — property-based getSystemSpecs is deterministic across repeated calls",
          "invocations": 1,
          "location": null,
          "numPassingAsserts": 100,
          "retryReasons": [],
          "startAt": 1778257600946,
          "status": "passed",
          "title": "getSystemSpecs is deterministic across repeated calls"
        },
        {
          "ancestorTitles": ["DataEngineeringService — property-based"],
          "duration": 62,
          "failing": false,
          "failureDetails": [],
          "failureMessages": [],
          "fullName": "DataEngineeringService — property-based every spec satisfies invariant constraints — each invariant is a non-empty string",
          "invocations": 1,
          "location": null,
          "numPassingAsserts": 626,
          "retryReasons": [],
          "startAt": 1778257600990,
          "status": "passed",
          "title": "every spec satisfies invariant constraints — each invariant is a non-empty string"
        },
        {
          "ancestorTitles": ["DataEngineeringService — property-based"],
          "duration": 16,
          "failing": false,
          "failureDetails": [],
          "failureMessages": [],
          "fullName": "DataEngineeringService — property-based all spec IDs are unique",
          "invocations": 1,
          "location": null,
          "numPassingAsserts": 100,
          "retryReasons": [],
          "startAt": 1778257601053,
          "status": "passed",
          "title": "all spec IDs are unique"
        },
        {
          "ancestorTitles": ["i18n completeness — property-based"],
          "duration": 17,
          "failing": false,
          "failureDetails": [],
          "failureMessages": [],
          "fullName": "i18n completeness — property-based every EN terminal command entry has a non-empty key and response",
          "invocations": 1,
          "location": null,
          "numPassingAsserts": 200,
          "retryReasons": [],
          "startAt": 1778257601070,
          "status": "passed",
          "title": "every EN terminal command entry has a non-empty key and response"
        },
        {
          "ancestorTitles": ["i18n completeness — property-based"],
          "duration": 18,
          "failing": false,
          "failureDetails": [],
          "failureMessages": [],
          "fullName": "i18n completeness — property-based every ES terminal command entry has a non-empty key and response",
          "invocations": 1,
          "location": null,
          "numPassingAsserts": 200,
          "retryReasons": [],
          "startAt": 1778257601087,
          "status": "passed",
          "title": "every ES terminal command entry has a non-empty key and response"
        },
        {
          "ancestorTitles": ["i18n completeness — property-based"],
          "duration": 11,
          "failing": false,
          "failureDetails": [],
          "failureMessages": [],
          "fullName": "i18n completeness — property-based ES has at least as many terminal commands as EN",
          "invocations": 1,
          "location": null,
          "numPassingAsserts": 100,
          "retryReasons": [],
          "startAt": 1778257601105,
          "status": "passed",
          "title": "ES has at least as many terminal commands as EN"
        },
        {
          "ancestorTitles": ["i18n completeness — property-based"],
          "duration": 37,
          "failing": false,
          "failureDetails": [],
          "failureMessages": [],
          "fullName": "i18n completeness — property-based all EN section labels are non-empty strings",
          "invocations": 1,
          "location": null,
          "numPassingAsserts": 200,
          "retryReasons": [],
          "startAt": 1778257601117,
          "status": "passed",
          "title": "all EN section labels are non-empty strings"
        },
        {
          "ancestorTitles": ["i18n completeness — property-based"],
          "duration": 37,
          "failing": false,
          "failureDetails": [],
          "failureMessages": [],
          "fullName": "i18n completeness — property-based all ES section labels are non-empty strings",
          "invocations": 1,
          "location": null,
          "numPassingAsserts": 200,
          "retryReasons": [],
          "startAt": 1778257601155,
          "status": "passed",
          "title": "all ES section labels are non-empty strings"
        },
        {
          "ancestorTitles": ["buildMetadata — property-based URL invariants"],
          "duration": 95,
          "failing": false,
          "failureDetails": [],
          "failureMessages": [],
          "fullName": "buildMetadata — property-based URL invariants canonical URL never contains a double-slash for any locale",
          "invocations": 1,
          "location": null,
          "numPassingAsserts": 100,
          "retryReasons": [],
          "startAt": 1778257601192,
          "status": "passed",
          "title": "canonical URL never contains a double-slash for any locale"
        },
        {
          "ancestorTitles": ["buildMetadata — property-based URL invariants"],
          "duration": 33,
          "failing": false,
          "failureDetails": [],
          "failureMessages": [],
          "fullName": "buildMetadata — property-based URL invariants OG image URL never contains a double-slash for any locale",
          "invocations": 1,
          "location": null,
          "numPassingAsserts": 100,
          "retryReasons": [],
          "startAt": 1778257601287,
          "status": "passed",
          "title": "OG image URL never contains a double-slash for any locale"
        },
        {
          "ancestorTitles": ["buildMetadata — property-based URL invariants"],
          "duration": 45,
          "failing": false,
          "failureDetails": [],
          "failureMessages": [],
          "fullName": "buildMetadata — property-based URL invariants Twitter image URL never contains a double-slash for any locale",
          "invocations": 1,
          "location": null,
          "numPassingAsserts": 100,
          "retryReasons": [],
          "startAt": 1778257601321,
          "status": "passed",
          "title": "Twitter image URL never contains a double-slash for any locale"
        },
        {
          "ancestorTitles": ["buildMetadata — property-based URL invariants"],
          "duration": 116,
          "failing": false,
          "failureDetails": [],
          "failureMessages": [],
          "fullName": "buildMetadata — property-based URL invariants title and description are always non-empty for any locale",
          "invocations": 1,
          "location": null,
          "numPassingAsserts": 400,
          "retryReasons": [],
          "startAt": 1778257601367,
          "status": "passed",
          "title": "title and description are always non-empty for any locale"
        }
      ],
      "endTime": 1778257601486,
      "message": "",
      "name": "/home/gestalt/Desktop/REPOS/jonathan-verdun-portfolio/src/__tests__/property-based.test.ts",
      "startTime": 1778257599445,
      "status": "passed",
      "summary": ""
    },
    {
      "assertionResults": [
        {
          "ancestorTitles": ["ErrorBoundary"],
          "duration": 39,
          "failing": false,
          "failureDetails": [],
          "failureMessages": [],
          "fullName": "ErrorBoundary renders children when no error is thrown",
          "invocations": 1,
          "location": null,
          "numPassingAsserts": 1,
          "retryReasons": [],
          "startAt": 1778257601409,
          "status": "passed",
          "title": "renders children when no error is thrown"
        },
        {
          "ancestorTitles": ["ErrorBoundary"],
          "duration": 50,
          "failing": false,
          "failureDetails": [],
          "failureMessages": [],
          "fullName": "ErrorBoundary renders default fallback UI when a child throws",
          "invocations": 1,
          "location": null,
          "numPassingAsserts": 2,
          "retryReasons": [],
          "startAt": 1778257601449,
          "status": "passed",
          "title": "renders default fallback UI when a child throws"
        },
        {
          "ancestorTitles": ["ErrorBoundary"],
          "duration": 43,
          "failing": false,
          "failureDetails": [],
          "failureMessages": [],
          "fullName": "ErrorBoundary renders a Retry button in the default fallback",
          "invocations": 1,
          "location": null,
          "numPassingAsserts": 1,
          "retryReasons": [],
          "startAt": 1778257601502,
          "status": "passed",
          "title": "renders a Retry button in the default fallback"
        },
        {
          "ancestorTitles": ["ErrorBoundary"],
          "duration": 74,
          "failing": false,
          "failureDetails": [],
          "failureMessages": [],
          "fullName": "ErrorBoundary clicking Retry re-renders children when the error resolves",
          "invocations": 1,
          "location": null,
          "numPassingAsserts": 3,
          "retryReasons": [],
          "startAt": 1778257601545,
          "status": "passed",
          "title": "clicking Retry re-renders children when the error resolves"
        },
        {
          "ancestorTitles": ["ErrorBoundary"],
          "duration": 12,
          "failing": false,
          "failureDetails": [],
          "failureMessages": [],
          "fullName": "ErrorBoundary renders custom fallback prop when provided and child throws",
          "invocations": 1,
          "location": null,
          "numPassingAsserts": 2,
          "retryReasons": [],
          "startAt": 1778257601620,
          "status": "passed",
          "title": "renders custom fallback prop when provided and child throws"
        },
        {
          "ancestorTitles": ["ErrorBoundary"],
          "duration": 9,
          "failing": false,
          "failureDetails": [],
          "failureMessages": [],
          "fullName": "ErrorBoundary does not show default fallback when child is healthy",
          "invocations": 1,
          "location": null,
          "numPassingAsserts": 1,
          "retryReasons": [],
          "startAt": 1778257601632,
          "status": "passed",
          "title": "does not show default fallback when child is healthy"
        }
      ],
      "endTime": 1778257601644,
      "message": "",
      "name": "/home/gestalt/Desktop/REPOS/jonathan-verdun-portfolio/src/__tests__/ErrorBoundary.test.tsx",
      "startTime": 1778257600707,
      "status": "passed",
      "summary": ""
    },
    {
      "assertionResults": [
        {
          "ancestorTitles": ["useTerminal"],
          "duration": 26,
          "failing": false,
          "failureDetails": [],
          "failureMessages": [],
          "fullName": "useTerminal starts in booting state with empty history",
          "invocations": 1,
          "location": null,
          "numPassingAsserts": 2,
          "retryReasons": [],
          "startAt": 1778257601465,
          "status": "passed",
          "title": "starts in booting state with empty history"
        },
        {
          "ancestorTitles": ["useTerminal"],
          "duration": 21,
          "failing": false,
          "failureDetails": [],
          "failureMessages": [],
          "fullName": "useTerminal replays boot commands sequentially using accumulated delays",
          "invocations": 1,
          "location": null,
          "numPassingAsserts": 4,
          "retryReasons": [],
          "startAt": 1778257601492,
          "status": "passed",
          "title": "replays boot commands sequentially using accumulated delays"
        },
        {
          "ancestorTitles": ["useTerminal"],
          "duration": 7,
          "failing": false,
          "failureDetails": [],
          "failureMessages": [],
          "fullName": "useTerminal marks isBooting false 500ms after the last command fires",
          "invocations": 1,
          "location": null,
          "numPassingAsserts": 2,
          "retryReasons": [],
          "startAt": 1778257601513,
          "status": "passed",
          "title": "marks isBooting false 500ms after the last command fires"
        },
        {
          "ancestorTitles": ["useTerminal"],
          "duration": 9,
          "failing": false,
          "failureDetails": [],
          "failureMessages": [],
          "fullName": "useTerminal execute() appends a user entry with processor output",
          "invocations": 1,
          "location": null,
          "numPassingAsserts": 3,
          "retryReasons": [],
          "startAt": 1778257601520,
          "status": "passed",
          "title": "execute() appends a user entry with processor output"
        },
        {
          "ancestorTitles": ["useTerminal"],
          "duration": 10,
          "failing": false,
          "failureDetails": [],
          "failureMessages": [],
          "fullName": "useTerminal execute(\"clear\") resets history to empty",
          "invocations": 1,
          "location": null,
          "numPassingAsserts": 2,
          "retryReasons": [],
          "startAt": 1778257601530,
          "status": "passed",
          "title": "execute(\"clear\") resets history to empty"
        },
        {
          "ancestorTitles": ["useTerminal"],
          "duration": 14,
          "failing": false,
          "failureDetails": [],
          "failureMessages": [],
          "fullName": "useTerminal stops boot sequence and clears timeouts when execute(\"clear\") is called during boot",
          "invocations": 1,
          "location": null,
          "numPassingAsserts": 5,
          "retryReasons": [],
          "startAt": 1778257601540,
          "status": "passed",
          "title": "stops boot sequence and clears timeouts when execute(\"clear\") is called during boot"
        },
        {
          "ancestorTitles": ["useTerminal"],
          "duration": 10,
          "failing": false,
          "failureDetails": [],
          "failureMessages": [],
          "fullName": "useTerminal execute(\"limpiar\") also resets history (ES alias for clear)",
          "invocations": 1,
          "location": null,
          "numPassingAsserts": 2,
          "retryReasons": [],
          "startAt": 1778257601556,
          "status": "passed",
          "title": "execute(\"limpiar\") also resets history (ES alias for clear)"
        },
        {
          "ancestorTitles": ["useTerminal"],
          "duration": 11,
          "failing": false,
          "failureDetails": [],
          "failureMessages": [],
          "fullName": "useTerminal execute() is a no-op for blank/whitespace input",
          "invocations": 1,
          "location": null,
          "numPassingAsserts": 2,
          "retryReasons": [],
          "startAt": 1778257601567,
          "status": "passed",
          "title": "execute() is a no-op for blank/whitespace input"
        },
        {
          "ancestorTitles": ["useTerminal"],
          "duration": 12,
          "failing": false,
          "failureDetails": [],
          "failureMessages": [],
          "fullName": "useTerminal uses the 800ms fallback when a command has no delay (undefined)",
          "invocations": 1,
          "location": null,
          "numPassingAsserts": 3,
          "retryReasons": [],
          "startAt": 1778257601578,
          "status": "passed",
          "title": "uses the 800ms fallback when a command has no delay (undefined)"
        },
        {
          "ancestorTitles": ["useTerminal"],
          "duration": 9,
          "failing": false,
          "failureDetails": [],
          "failureMessages": [],
          "fullName": "useTerminal fires immediately when a command has delay: 0",
          "invocations": 1,
          "location": null,
          "numPassingAsserts": 2,
          "retryReasons": [],
          "startAt": 1778257601592,
          "status": "passed",
          "title": "fires immediately when a command has delay: 0"
        },
        {
          "ancestorTitles": ["useTerminal"],
          "duration": 5,
          "failing": false,
          "failureDetails": [],
          "failureMessages": [],
          "fullName": "useTerminal clears all pending timeouts on unmount",
          "invocations": 1,
          "location": null,
          "numPassingAsserts": 1,
          "retryReasons": [],
          "startAt": 1778257601601,
          "status": "passed",
          "title": "clears all pending timeouts on unmount"
        },
        {
          "ancestorTitles": ["useTerminal — command history navigation"],
          "duration": 4,
          "failing": false,
          "failureDetails": [],
          "failureMessages": [],
          "fullName": "useTerminal — command history navigation navigateHistory up returns currentInput when history is empty",
          "invocations": 1,
          "location": null,
          "numPassingAsserts": 1,
          "retryReasons": [],
          "startAt": 1778257601606,
          "status": "passed",
          "title": "navigateHistory up returns currentInput when history is empty"
        },
        {
          "ancestorTitles": ["useTerminal — command history navigation"],
          "duration": 4,
          "failing": false,
          "failureDetails": [],
          "failureMessages": [],
          "fullName": "useTerminal — command history navigation navigateHistory up returns the most recently executed command",
          "invocations": 1,
          "location": null,
          "numPassingAsserts": 1,
          "retryReasons": [],
          "startAt": 1778257601611,
          "status": "passed",
          "title": "navigateHistory up returns the most recently executed command"
        },
        {
          "ancestorTitles": ["useTerminal — command history navigation"],
          "duration": 5,
          "failing": false,
          "failureDetails": [],
          "failureMessages": [],
          "fullName": "useTerminal — command history navigation navigateHistory up steps backward through history on successive calls",
          "invocations": 1,
          "location": null,
          "numPassingAsserts": 2,
          "retryReasons": [],
          "startAt": 1778257601616,
          "status": "passed",
          "title": "navigateHistory up steps backward through history on successive calls"
        },
        {
          "ancestorTitles": ["useTerminal — command history navigation"],
          "duration": 5,
          "failing": false,
          "failureDetails": [],
          "failureMessages": [],
          "fullName": "useTerminal — command history navigation navigateHistory up clamps at the oldest entry",
          "invocations": 1,
          "location": null,
          "numPassingAsserts": 1,
          "retryReasons": [],
          "startAt": 1778257601622,
          "status": "passed",
          "title": "navigateHistory up clamps at the oldest entry"
        },
        {
          "ancestorTitles": ["useTerminal — command history navigation"],
          "duration": 4,
          "failing": false,
          "failureDetails": [],
          "failureMessages": [],
          "fullName": "useTerminal — command history navigation navigateHistory down at index -1 returns currentInput unchanged",
          "invocations": 1,
          "location": null,
          "numPassingAsserts": 1,
          "retryReasons": [],
          "startAt": 1778257601627,
          "status": "passed",
          "title": "navigateHistory down at index -1 returns currentInput unchanged"
        },
        {
          "ancestorTitles": ["useTerminal — command history navigation"],
          "duration": 17,
          "failing": false,
          "failureDetails": [],
          "failureMessages": [],
          "fullName": "useTerminal — command history navigation navigateHistory down from index > 0 returns the newer history entry",
          "invocations": 1,
          "location": null,
          "numPassingAsserts": 1,
          "retryReasons": [],
          "startAt": 1778257601632,
          "status": "passed",
          "title": "navigateHistory down from index > 0 returns the newer history entry"
        },
        {
          "ancestorTitles": ["useTerminal — command history navigation"],
          "duration": 11,
          "failing": false,
          "failureDetails": [],
          "failureMessages": [],
          "fullName": "useTerminal — command history navigation navigateHistory down after up restores the saved draft",
          "invocations": 1,
          "location": null,
          "numPassingAsserts": 1,
          "retryReasons": [],
          "startAt": 1778257601649,
          "status": "passed",
          "title": "navigateHistory down after up restores the saved draft"
        },
        {
          "ancestorTitles": ["useTerminal — command history navigation"],
          "duration": 10,
          "failing": false,
          "failureDetails": [],
          "failureMessages": [],
          "fullName": "useTerminal — command history navigation execute resets navigation so next ArrowUp starts from the freshest entry",
          "invocations": 1,
          "location": null,
          "numPassingAsserts": 1,
          "retryReasons": [],
          "startAt": 1778257601660,
          "status": "passed",
          "title": "execute resets navigation so next ArrowUp starts from the freshest entry"
        },
        {
          "ancestorTitles": ["useTerminal — command history navigation"],
          "duration": 6,
          "failing": false,
          "failureDetails": [],
          "failureMessages": [],
          "fullName": "useTerminal — command history navigation skips consecutive duplicate commands in history",
          "invocations": 1,
          "location": null,
          "numPassingAsserts": 1,
          "retryReasons": [],
          "startAt": 1778257601670,
          "status": "passed",
          "title": "skips consecutive duplicate commands in history"
        },
        {
          "ancestorTitles": ["useTerminal — command history navigation"],
          "duration": 3,
          "failing": false,
          "failureDetails": [],
          "failureMessages": [],
          "fullName": "useTerminal — command history navigation clear is recorded in history so it can be recalled with ArrowUp",
          "invocations": 1,
          "location": null,
          "numPassingAsserts": 1,
          "retryReasons": [],
          "startAt": 1778257601677,
          "status": "passed",
          "title": "clear is recorded in history so it can be recalled with ArrowUp"
        }
      ],
      "endTime": 1778257601683,
      "message": "",
      "name": "/home/gestalt/Desktop/REPOS/jonathan-verdun-portfolio/src/__tests__/useTerminal.test.ts",
      "startTime": 1778257601020,
      "status": "passed",
      "summary": ""
    },
    {
      "assertionResults": [
        {
          "ancestorTitles": ["Home"],
          "duration": 485,
          "failing": false,
          "failureDetails": [],
          "failureMessages": [],
          "fullName": "Home renders the name Jonathan Verdun in a heading",
          "invocations": 1,
          "location": null,
          "numPassingAsserts": 1,
          "retryReasons": [],
          "startAt": 1778257600623,
          "status": "passed",
          "title": "renders the name Jonathan Verdun in a heading"
        },
        {
          "ancestorTitles": ["Home"],
          "duration": 202,
          "failing": false,
          "failureDetails": [],
          "failureMessages": [],
          "fullName": "Home has the skip-nav target id on the main landmark",
          "invocations": 1,
          "location": null,
          "numPassingAsserts": 1,
          "retryReasons": [],
          "startAt": 1778257601109,
          "status": "passed",
          "title": "has the skip-nav target id on the main landmark"
        },
        {
          "ancestorTitles": ["Home"],
          "duration": 264,
          "failing": false,
          "failureDetails": [],
          "failureMessages": [],
          "fullName": "Home renders primary section headings",
          "invocations": 1,
          "location": null,
          "numPassingAsserts": 2,
          "retryReasons": [],
          "startAt": 1778257601311,
          "status": "passed",
          "title": "renders primary section headings"
        },
        {
          "ancestorTitles": ["Home"],
          "duration": 198,
          "failing": false,
          "failureDetails": [],
          "failureMessages": [],
          "fullName": "Home renders the contact CTA link with the correct mailto href",
          "invocations": 1,
          "location": null,
          "numPassingAsserts": 1,
          "retryReasons": [],
          "startAt": 1778257601576,
          "status": "passed",
          "title": "renders the contact CTA link with the correct mailto href"
        }
      ],
      "endTime": 1778257601777,
      "message": "",
      "name": "/home/gestalt/Desktop/REPOS/jonathan-verdun-portfolio/src/__tests__/page.test.tsx",
      "startTime": 1778257599399,
      "status": "passed",
      "summary": ""
    },
    {
      "assertionResults": [
        {
          "ancestorTitles": ["BioinformaticsResearchCard — known focus key"],
          "duration": 39,
          "failing": false,
          "failureDetails": [],
          "failureMessages": [],
          "fullName": "BioinformaticsResearchCard — known focus key renders the translated label",
          "invocations": 1,
          "location": null,
          "numPassingAsserts": 1,
          "retryReasons": [],
          "startAt": 1778257601594,
          "status": "passed",
          "title": "renders the translated label"
        },
        {
          "ancestorTitles": ["BioinformaticsResearchCard — known focus key"],
          "duration": 21,
          "failing": false,
          "failureDetails": [],
          "failureMessages": [],
          "fullName": "BioinformaticsResearchCard — known focus key renders the translated description",
          "invocations": 1,
          "location": null,
          "numPassingAsserts": 1,
          "retryReasons": [],
          "startAt": 1778257601634,
          "status": "passed",
          "title": "renders the translated description"
        },
        {
          "ancestorTitles": ["BioinformaticsResearchCard — known focus key"],
          "duration": 28,
          "failing": false,
          "failureDetails": [],
          "failureMessages": [],
          "fullName": "BioinformaticsResearchCard — known focus key renders methodology",
          "invocations": 1,
          "location": null,
          "numPassingAsserts": 1,
          "retryReasons": [],
          "startAt": 1778257601655,
          "status": "passed",
          "title": "renders methodology"
        },
        {
          "ancestorTitles": ["BioinformaticsResearchCard — known focus key"],
          "duration": 70,
          "failing": false,
          "failureDetails": [],
          "failureMessages": [],
          "fullName": "BioinformaticsResearchCard — known focus key renders a GitHub link",
          "invocations": 1,
          "location": null,
          "numPassingAsserts": 1,
          "retryReasons": [],
          "startAt": 1778257601683,
          "status": "passed",
          "title": "renders a GitHub link"
        },
        {
          "ancestorTitles": ["BioinformaticsResearchCard — unknown focus key (fallback branches)"],
          "duration": 28,
          "failing": false,
          "failureDetails": [],
          "failureMessages": [],
          "fullName": "BioinformaticsResearchCard — unknown focus key (fallback branches) falls back to spec.focus as the label",
          "invocations": 1,
          "location": null,
          "numPassingAsserts": 1,
          "retryReasons": [],
          "startAt": 1778257601753,
          "status": "passed",
          "title": "falls back to spec.focus as the label"
        },
        {
          "ancestorTitles": ["BioinformaticsResearchCard — unknown focus key (fallback branches)"],
          "duration": 13,
          "failing": false,
          "failureDetails": [],
          "failureMessages": [],
          "fullName": "BioinformaticsResearchCard — unknown focus key (fallback branches) renders an empty description when focus is unknown",
          "invocations": 1,
          "location": null,
          "numPassingAsserts": 1,
          "retryReasons": [],
          "startAt": 1778257601782,
          "status": "passed",
          "title": "renders an empty description when focus is unknown"
        },
        {
          "ancestorTitles": ["BioinformaticsResearchCard — unknown focus key (fallback branches)"],
          "duration": 24,
          "failing": false,
          "failureDetails": [],
          "failureMessages": [],
          "fullName": "BioinformaticsResearchCard — unknown focus key (fallback branches) does not render a link when spec has no link",
          "invocations": 1,
          "location": null,
          "numPassingAsserts": 1,
          "retryReasons": [],
          "startAt": 1778257601795,
          "status": "passed",
          "title": "does not render a link when spec has no link"
        }
      ],
      "endTime": 1778257601824,
      "message": "",
      "name": "/home/gestalt/Desktop/REPOS/jonathan-verdun-portfolio/src/__tests__/BioinformaticsResearchCard.test.tsx",
      "startTime": 1778257600906,
      "status": "passed",
      "summary": ""
    },
    {
      "assertionResults": [
        {
          "ancestorTitles": ["Accessibility — landmarks"],
          "duration": 336,
          "failing": false,
          "failureDetails": [],
          "failureMessages": [],
          "fullName": "Accessibility — landmarks has exactly one main landmark",
          "invocations": 1,
          "location": null,
          "numPassingAsserts": 1,
          "retryReasons": [],
          "startAt": 1778257600579,
          "status": "passed",
          "title": "has exactly one main landmark"
        },
        {
          "ancestorTitles": ["Accessibility — landmarks"],
          "duration": 190,
          "failing": false,
          "failureDetails": [],
          "failureMessages": [],
          "fullName": "Accessibility — landmarks main landmark has the skip-nav target id",
          "invocations": 1,
          "location": null,
          "numPassingAsserts": 1,
          "retryReasons": [],
          "startAt": 1778257600916,
          "status": "passed",
          "title": "main landmark has the skip-nav target id"
        },
        {
          "ancestorTitles": ["Accessibility — heading hierarchy"],
          "duration": 215,
          "failing": false,
          "failureDetails": [],
          "failureMessages": [],
          "fullName": "Accessibility — heading hierarchy has exactly one h1",
          "invocations": 1,
          "location": null,
          "numPassingAsserts": 1,
          "retryReasons": [],
          "startAt": 1778257601107,
          "status": "passed",
          "title": "has exactly one h1"
        },
        {
          "ancestorTitles": ["Accessibility — heading hierarchy"],
          "duration": 191,
          "failing": false,
          "failureDetails": [],
          "failureMessages": [],
          "fullName": "Accessibility — heading hierarchy h1 contains the owner name",
          "invocations": 1,
          "location": null,
          "numPassingAsserts": 1,
          "retryReasons": [],
          "startAt": 1778257601322,
          "status": "passed",
          "title": "h1 contains the owner name"
        },
        {
          "ancestorTitles": ["Accessibility — external links"],
          "duration": 134,
          "failing": false,
          "failureDetails": [],
          "failureMessages": [],
          "fullName": "Accessibility — external links all links with target=\"_blank\" have rel containing noopener",
          "invocations": 1,
          "location": null,
          "numPassingAsserts": 19,
          "retryReasons": [],
          "startAt": 1778257601513,
          "status": "passed",
          "title": "all links with target=\"_blank\" have rel containing noopener"
        },
        {
          "ancestorTitles": ["Accessibility — external links"],
          "duration": 127,
          "failing": false,
          "failureDetails": [],
          "failureMessages": [],
          "fullName": "Accessibility — external links all images have a non-empty alt attribute",
          "invocations": 1,
          "location": null,
          "numPassingAsserts": 1,
          "retryReasons": [],
          "startAt": 1778257601647,
          "status": "passed",
          "title": "all images have a non-empty alt attribute"
        }
      ],
      "endTime": 1778257601776,
      "message": "",
      "name": "/home/gestalt/Desktop/REPOS/jonathan-verdun-portfolio/src/__tests__/accessibility.test.tsx",
      "startTime": 1778257599415,
      "status": "passed",
      "summary": ""
    },
    {
      "assertionResults": [
        {
          "ancestorTitles": ["NotFound page"],
          "duration": 57,
          "failing": false,
          "failureDetails": [],
          "failureMessages": [],
          "fullName": "NotFound page renders the 404 heading",
          "invocations": 1,
          "location": null,
          "numPassingAsserts": 1,
          "retryReasons": [],
          "startAt": 1778257601739,
          "status": "passed",
          "title": "renders the 404 heading"
        },
        {
          "ancestorTitles": ["NotFound page"],
          "duration": 33,
          "failing": false,
          "failureDetails": [],
          "failureMessages": [],
          "fullName": "NotFound page renders a \"Return to root\" link pointing to /",
          "invocations": 1,
          "location": null,
          "numPassingAsserts": 1,
          "retryReasons": [],
          "startAt": 1778257601797,
          "status": "passed",
          "title": "renders a \"Return to root\" link pointing to /"
        },
        {
          "ancestorTitles": ["NotFound page"],
          "duration": 11,
          "failing": false,
          "failureDetails": [],
          "failureMessages": [],
          "fullName": "NotFound page renders the \"Not Found\" label",
          "invocations": 1,
          "location": null,
          "numPassingAsserts": 1,
          "retryReasons": [],
          "startAt": 1778257601830,
          "status": "passed",
          "title": "renders the \"Not Found\" label"
        },
        {
          "ancestorTitles": ["NotFound page"],
          "duration": 8,
          "failing": false,
          "failureDetails": [],
          "failureMessages": [],
          "fullName": "NotFound page renders the route-not-found message",
          "invocations": 1,
          "location": null,
          "numPassingAsserts": 1,
          "retryReasons": [],
          "startAt": 1778257601842,
          "status": "passed",
          "title": "renders the route-not-found message"
        }
      ],
      "endTime": 1778257601854,
      "message": "",
      "name": "/home/gestalt/Desktop/REPOS/jonathan-verdun-portfolio/src/__tests__/not-found.test.tsx",
      "startTime": 1778257601237,
      "status": "passed",
      "summary": ""
    },
    {
      "assertionResults": [
        {
          "ancestorTitles": ["SystemSpecCard"],
          "duration": 47,
          "failing": false,
          "failureDetails": [],
          "failureMessages": [],
          "fullName": "SystemSpecCard renders the focus as a heading",
          "invocations": 1,
          "location": null,
          "numPassingAsserts": 1,
          "retryReasons": [],
          "startAt": 1778257601702,
          "status": "passed",
          "title": "renders the focus as a heading"
        },
        {
          "ancestorTitles": ["SystemSpecCard"],
          "duration": 14,
          "failing": false,
          "failureDetails": [],
          "failureMessages": [],
          "fullName": "SystemSpecCard renders the methodology",
          "invocations": 1,
          "location": null,
          "numPassingAsserts": 1,
          "retryReasons": [],
          "startAt": 1778257601750,
          "status": "passed",
          "title": "renders the methodology"
        },
        {
          "ancestorTitles": ["SystemSpecCard"],
          "duration": 17,
          "failing": false,
          "failureDetails": [],
          "failureMessages": [],
          "fullName": "SystemSpecCard renders all invariants joined by a dot separator",
          "invocations": 1,
          "location": null,
          "numPassingAsserts": 1,
          "retryReasons": [],
          "startAt": 1778257601765,
          "status": "passed",
          "title": "renders all invariants joined by a dot separator"
        },
        {
          "ancestorTitles": ["SystemSpecCard"],
          "duration": 40,
          "failing": false,
          "failureDetails": [],
          "failureMessages": [],
          "fullName": "SystemSpecCard renders the repo link when spec.link is provided",
          "invocations": 1,
          "location": null,
          "numPassingAsserts": 1,
          "retryReasons": [],
          "startAt": 1778257601782,
          "status": "passed",
          "title": "renders the repo link when spec.link is provided"
        },
        {
          "ancestorTitles": ["SystemSpecCard"],
          "duration": 15,
          "failing": false,
          "failureDetails": [],
          "failureMessages": [],
          "fullName": "SystemSpecCard strips https://github.com/ from the link display text",
          "invocations": 1,
          "location": null,
          "numPassingAsserts": 1,
          "retryReasons": [],
          "startAt": 1778257601822,
          "status": "passed",
          "title": "strips https://github.com/ from the link display text"
        },
        {
          "ancestorTitles": ["SystemSpecCard"],
          "duration": 18,
          "failing": false,
          "failureDetails": [],
          "failureMessages": [],
          "fullName": "SystemSpecCard repo link has rel=\"noopener noreferrer\" and target=\"_blank\"",
          "invocations": 1,
          "location": null,
          "numPassingAsserts": 2,
          "retryReasons": [],
          "startAt": 1778257601837,
          "status": "passed",
          "title": "repo link has rel=\"noopener noreferrer\" and target=\"_blank\""
        },
        {
          "ancestorTitles": ["SystemSpecCard"],
          "duration": 15,
          "failing": false,
          "failureDetails": [],
          "failureMessages": [],
          "fullName": "SystemSpecCard does not render a link when spec.link is absent",
          "invocations": 1,
          "location": null,
          "numPassingAsserts": 1,
          "retryReasons": [],
          "startAt": 1778257601855,
          "status": "passed",
          "title": "does not render a link when spec.link is absent"
        }
      ],
      "endTime": 1778257601872,
      "message": "",
      "name": "/home/gestalt/Desktop/REPOS/jonathan-verdun-portfolio/src/__tests__/SystemSpecCard.test.tsx",
      "startTime": 1778257601002,
      "status": "passed",
      "summary": ""
    },
    {
      "assertionResults": [
        {
          "ancestorTitles": ["GlobalError"],
          "duration": 78,
          "failing": false,
          "failureDetails": [],
          "failureMessages": [],
          "fullName": "GlobalError renders the 500 heading",
          "invocations": 1,
          "location": null,
          "numPassingAsserts": 1,
          "retryReasons": [],
          "startAt": 1778257601742,
          "status": "passed",
          "title": "renders the 500 heading"
        },
        {
          "ancestorTitles": ["GlobalError"],
          "duration": 30,
          "failing": false,
          "failureDetails": [],
          "failureMessages": [],
          "fullName": "GlobalError renders the \"Try again\" button",
          "invocations": 1,
          "location": null,
          "numPassingAsserts": 1,
          "retryReasons": [],
          "startAt": 1778257601821,
          "status": "passed",
          "title": "renders the \"Try again\" button"
        },
        {
          "ancestorTitles": ["GlobalError"],
          "duration": 27,
          "failing": false,
          "failureDetails": [],
          "failureMessages": [],
          "fullName": "GlobalError calls reset when \"Try again\" is clicked",
          "invocations": 1,
          "location": null,
          "numPassingAsserts": 1,
          "retryReasons": [],
          "startAt": 1778257601852,
          "status": "passed",
          "title": "calls reset when \"Try again\" is clicked"
        },
        {
          "ancestorTitles": ["GlobalError"],
          "duration": 19,
          "failing": false,
          "failureDetails": [],
          "failureMessages": [],
          "fullName": "GlobalError renders the \"Return home\" link pointing to /",
          "invocations": 1,
          "location": null,
          "numPassingAsserts": 1,
          "retryReasons": [],
          "startAt": 1778257601879,
          "status": "passed",
          "title": "renders the \"Return home\" link pointing to /"
        },
        {
          "ancestorTitles": ["GlobalError"],
          "duration": 32,
          "failing": false,
          "failureDetails": [],
          "failureMessages": [],
          "fullName": "GlobalError renders the digest value when digest is present",
          "invocations": 1,
          "location": null,
          "numPassingAsserts": 1,
          "retryReasons": [],
          "startAt": 1778257601898,
          "status": "passed",
          "title": "renders the digest value when digest is present"
        },
        {
          "ancestorTitles": ["GlobalError"],
          "duration": 15,
          "failing": false,
          "failureDetails": [],
          "failureMessages": [],
          "fullName": "GlobalError does not render a digest section when digest is absent",
          "invocations": 1,
          "location": null,
          "numPassingAsserts": 1,
          "retryReasons": [],
          "startAt": 1778257601930,
          "status": "passed",
          "title": "does not render a digest section when digest is absent"
        }
      ],
      "endTime": 1778257601947,
      "message": "",
      "name": "/home/gestalt/Desktop/REPOS/jonathan-verdun-portfolio/src/__tests__/global-error.test.tsx",
      "startTime": 1778257601157,
      "status": "passed",
      "summary": ""
    },
    {
      "assertionResults": [
        {
          "ancestorTitles": ["I18nProvider"],
          "duration": 22,
          "failing": false,
          "failureDetails": [],
          "failureMessages": [],
          "fullName": "I18nProvider provides English translations on the root route",
          "invocations": 1,
          "location": null,
          "numPassingAsserts": 1,
          "retryReasons": [],
          "startAt": 1778257602143,
          "status": "passed",
          "title": "provides English translations on the root route"
        },
        {
          "ancestorTitles": ["I18nProvider"],
          "duration": 7,
          "failing": false,
          "failureDetails": [],
          "failureMessages": [],
          "fullName": "I18nProvider provides Spanish translations on /es/ route",
          "invocations": 1,
          "location": null,
          "numPassingAsserts": 1,
          "retryReasons": [],
          "startAt": 1778257602166,
          "status": "passed",
          "title": "provides Spanish translations on /es/ route"
        },
        {
          "ancestorTitles": ["I18nProvider"],
          "duration": 13,
          "failing": false,
          "failureDetails": [],
          "failureMessages": [],
          "fullName": "I18nProvider provides Spanish translations on any /es/* sub-path",
          "invocations": 1,
          "location": null,
          "numPassingAsserts": 1,
          "retryReasons": [],
          "startAt": 1778257602173,
          "status": "passed",
          "title": "provides Spanish translations on any /es/* sub-path"
        },
        {
          "ancestorTitles": ["useTranslation (fallback)"],
          "duration": 9,
          "failing": false,
          "failureDetails": [],
          "failureMessages": [],
          "fullName": "useTranslation (fallback) returns English translations when used outside I18nProvider",
          "invocations": 1,
          "location": null,
          "numPassingAsserts": 1,
          "retryReasons": [],
          "startAt": 1778257602186,
          "status": "passed",
          "title": "returns English translations when used outside I18nProvider"
        },
        {
          "ancestorTitles": ["useTranslation (fallback)"],
          "duration": 5,
          "failing": false,
          "failureDetails": [],
          "failureMessages": [],
          "fullName": "useTranslation (fallback) warns in console when used outside provider in development mode",
          "invocations": 1,
          "location": null,
          "numPassingAsserts": 1,
          "retryReasons": [],
          "startAt": 1778257602195,
          "status": "passed",
          "title": "warns in console when used outside provider in development mode"
        },
        {
          "ancestorTitles": ["useTranslation (fallback)"],
          "duration": 2,
          "failing": false,
          "failureDetails": [],
          "failureMessages": [],
          "fullName": "useTranslation (fallback) en translations match expected tagline",
          "invocations": 1,
          "location": null,
          "numPassingAsserts": 1,
          "retryReasons": [],
          "startAt": 1778257602201,
          "status": "passed",
          "title": "en translations match expected tagline"
        },
        {
          "ancestorTitles": ["useTranslation (fallback)"],
          "duration": 0,
          "failing": false,
          "failureDetails": [],
          "failureMessages": [],
          "fullName": "useTranslation (fallback) es translations match expected tagline",
          "invocations": 1,
          "location": null,
          "numPassingAsserts": 1,
          "retryReasons": [],
          "startAt": 1778257602203,
          "status": "passed",
          "title": "es translations match expected tagline"
        },
        {
          "ancestorTitles": ["useTranslation (fallback)"],
          "duration": 1,
          "failing": false,
          "failureDetails": [],
          "failureMessages": [],
          "fullName": "useTranslation (fallback) en and es have the same top-level keys",
          "invocations": 1,
          "location": null,
[...]
        }
      },
      "branchMap": {},
      "s": { "0": 18, "1": 3, "2": 3, "3": 3, "4": 3, "5": 3, "6": 3, "7": 3, "8": 18 },
      "f": { "0": 18 },
      "b": {}
    },
    "/home/gestalt/Desktop/REPOS/jonathan-verdun-portfolio/src/components/ResearchSection.tsx": {
      "path": "/home/gestalt/Desktop/REPOS/jonathan-verdun-portfolio/src/components/ResearchSection.tsx",
      "statementMap": {
        "0": { "start": { "line": 8, "column": 13 }, "end": { "line": 8, "column": 41 } },
        "1": { "start": { "line": 3, "column": 18 }, "end": { "line": 3, "column": null } },
        "2": { "start": { "line": 4, "column": 43 }, "end": { "line": 4, "column": null } },
        "3": { "start": { "line": 5, "column": 31 }, "end": { "line": 5, "column": null } },
        "4": { "start": { "line": 6, "column": 31 }, "end": { "line": 6, "column": null } },
        "5": { "start": { "line": 8, "column": 41 }, "end": { "line": 26, "column": null } },
        "6": { "start": { "line": 9, "column": 12 }, "end": { "line": 9, "column": null } },
        "7": { "start": { "line": 18, "column": 10 }, "end": { "line": 18, "column": 40 } },
        "8": { "start": { "line": 21, "column": 10 }, "end": { "line": 21, "column": 52 } }
      },
      "fnMap": {
        "0": {
          "name": "(anonymous_2)",
          "decl": { "start": { "line": 8, "column": 41 }, "end": { "line": 8, "column": null } },
          "loc": { "start": { "line": 8, "column": 41 }, "end": { "line": 26, "column": null } }
        },
        "1": {
          "name": "(anonymous_3)",
          "decl": { "start": { "line": 17, "column": 34 }, "end": { "line": 17, "column": 35 } },
          "loc": { "start": { "line": 18, "column": 10 }, "end": { "line": 18, "column": 40 } }
        },
        "2": {
          "name": "(anonymous_4)",
          "decl": { "start": { "line": 20, "column": 36 }, "end": { "line": 20, "column": 37 } },
          "loc": { "start": { "line": 21, "column": 10 }, "end": { "line": 21, "column": 52 } }
        }
      },
      "branchMap": {},
      "s": { "0": 18, "1": 3, "2": 3, "3": 3, "4": 3, "5": 3, "6": 18, "7": 54, "8": 36 },
      "f": { "0": 18, "1": 54, "2": 36 },
      "b": {}
    },
    "/home/gestalt/Desktop/REPOS/jonathan-verdun-portfolio/src/components/BioinformaticsResearchCard.tsx": {
      "path": "/home/gestalt/Desktop/REPOS/jonathan-verdun-portfolio/src/components/BioinformaticsResearchCard.tsx",
      "statementMap": {
        "0": { "start": { "line": 13, "column": 13 }, "end": { "line": 13, "column": 85 } },
        "1": { "start": { "line": 3, "column": 17 }, "end": { "line": 3, "column": null } },
        "2": { "start": { "line": 4, "column": 18 }, "end": { "line": 4, "column": null } },
        "3": { "start": { "line": 5, "column": 34 }, "end": { "line": 5, "column": null } },
        "4": { "start": { "line": 6, "column": 31 }, "end": { "line": 6, "column": null } },
        "5": { "start": { "line": 13, "column": 85 }, "end": { "line": 52, "column": null } },
        "6": { "start": { "line": 14, "column": 12 }, "end": { "line": 14, "column": null } },
        "7": { "start": { "line": 15, "column": 16 }, "end": { "line": 15, "column": 70 } },
        "8": { "start": { "line": 16, "column": 22 }, "end": { "line": 16, "column": null } }
      },
      "fnMap": {
        "0": {
          "name": "(anonymous_2)",
          "decl": { "start": { "line": 13, "column": 85 }, "end": { "line": 13, "column": 86 } },
          "loc": { "start": { "line": 13, "column": 94 }, "end": { "line": 52, "column": null } }
        }
      },
      "branchMap": {
        "0": {
          "loc": { "start": { "line": 15, "column": 16 }, "end": { "line": 15, "column": 70 } },
          "type": "binary-expr",
          "locations": [
            { "start": { "line": 15, "column": 16 }, "end": { "line": 15, "column": 56 } },
            { "start": { "line": 15, "column": 60 }, "end": { "line": 15, "column": 70 } }
          ]
        },
        "1": {
          "loc": { "start": { "line": 16, "column": 22 }, "end": { "line": 16, "column": null } },
          "type": "binary-expr",
          "locations": [
            { "start": { "line": 16, "column": 22 }, "end": { "line": 16, "column": 68 } },
            { "start": { "line": 16, "column": 72 }, "end": { "line": 16, "column": null } }
          ]
        },
        "2": {
          "loc": { "start": { "line": 37, "column": 9 }, "end": { "line": 37, "column": 18 } },
          "type": "binary-expr",
          "locations": [
            { "start": { "line": 37, "column": 9 }, "end": { "line": 37, "column": 18 } }
          ]
        }
      },
      "s": { "0": 43, "1": 4, "2": 4, "3": 4, "4": 4, "5": 4, "6": 43, "7": 43, "8": 43 },
      "f": { "0": 43 },
      "b": { "0": [43, 3], "1": [43, 3], "2": [43] }
    },
    "/home/gestalt/Desktop/REPOS/jonathan-verdun-portfolio/src/components/SystemSpecCard.tsx": {
      "path": "/home/gestalt/Desktop/REPOS/jonathan-verdun-portfolio/src/components/SystemSpecCard.tsx",
      "statementMap": {
        "0": { "start": { "line": 13, "column": 13 }, "end": { "line": 13, "column": 61 } },
        "1": { "start": { "line": 3, "column": 17 }, "end": { "line": 3, "column": null } },
        "2": { "start": { "line": 4, "column": 18 }, "end": { "line": 4, "column": null } },
        "3": { "start": { "line": 5, "column": 48 }, "end": { "line": 5, "column": null } },
        "4": { "start": { "line": 6, "column": 31 }, "end": { "line": 6, "column": null } },
        "5": { "start": { "line": 13, "column": 61 }, "end": { "line": 52, "column": null } },
        "6": { "start": { "line": 14, "column": 12 }, "end": { "line": 14, "column": null } }
      },
      "fnMap": {
        "0": {
          "name": "(anonymous_2)",
          "decl": { "start": { "line": 13, "column": 61 }, "end": { "line": 13, "column": 62 } },
          "loc": { "start": { "line": 13, "column": 70 }, "end": { "line": 52, "column": null } }
        }
      },
      "branchMap": {
        "0": {
          "loc": { "start": { "line": 35, "column": 9 }, "end": { "line": 35, "column": 18 } },
          "type": "binary-expr",
          "locations": [
            { "start": { "line": 35, "column": 9 }, "end": { "line": 35, "column": 18 } }
          ]
        }
      },
      "s": { "0": 61, "1": 4, "2": 4, "3": 4, "4": 4, "5": 4, "6": 61 },
      "f": { "0": 61 },
      "b": { "0": [61] }
    },
    "/home/gestalt/Desktop/REPOS/jonathan-verdun-portfolio/src/lib/jsonLd.ts": {
      "path": "/home/gestalt/Desktop/REPOS/jonathan-verdun-portfolio/src/lib/jsonLd.ts",
      "statementMap": {
        "0": { "start": { "line": 44, "column": 13 }, "end": { "line": 44, "column": 34 } },
        "1": { "start": { "line": 3, "column": 13 }, "end": { "line": 3, "column": 28 } },
        "2": { "start": { "line": 33, "column": 13 }, "end": { "line": 33, "column": 29 } },
        "3": { "start": { "line": 1, "column": 27 }, "end": { "line": 1, "column": null } },
        "4": { "start": { "line": 3, "column": 28 }, "end": { "line": 31, "column": null } },
        "5": { "start": { "line": 33, "column": 29 }, "end": { "line": 42, "column": null } },
        "6": { "start": { "line": 44, "column": 34 }, "end": { "line": 54, "column": null } },
        "7": { "start": { "line": 44, "column": 67 }, "end": { "line": 54, "column": null } }
      },
      "fnMap": {
        "0": {
          "name": "(anonymous_4)",
          "decl": { "start": { "line": 44, "column": 34 }, "end": { "line": 44, "column": 35 } },
          "loc": { "start": { "line": 44, "column": 67 }, "end": { "line": 54, "column": null } }
        }
      },
      "branchMap": {
        "0": {
          "loc": { "start": { "line": 44, "column": 35 }, "end": { "line": 44, "column": 61 } },
          "type": "default-arg",
          "locations": [
            { "start": { "line": 44, "column": 57 }, "end": { "line": 44, "column": 61 } }
          ]
        },
        "1": {
          "loc": { "start": { "line": 47, "column": 30 }, "end": { "line": 47, "column": 59 } },
          "type": "cond-expr",
          "locations": [
            { "start": { "line": 47, "column": 48 }, "end": { "line": 47, "column": 56 } },
            { "start": { "line": 47, "column": 56 }, "end": { "line": 47, "column": 59 } }
          ]
        },
        "2": {
          "loc": { "start": { "line": 48, "column": 28 }, "end": { "line": 48, "column": 58 } },
          "type": "cond-expr",
          "locations": [
            { "start": { "line": 48, "column": 46 }, "end": { "line": 48, "column": 54 } },
            { "start": { "line": 48, "column": 54 }, "end": { "line": 48, "column": 58 } }
          ]
        },
        "3": {
          "loc": { "start": { "line": 49, "column": 8 }, "end": { "line": 49, "column": null } },
          "type": "cond-expr",
          "locations": [
            { "start": { "line": 49, "column": 26 }, "end": { "line": 49, "column": 59 } },
            { "start": { "line": 49, "column": 59 }, "end": { "line": 49, "column": null } }
          ]
        }
      },
      "s": { "0": 20, "1": 18, "2": 10, "3": 6, "4": 6, "5": 6, "6": 6, "7": 20 },
      "f": { "0": 20 },
      "b": { "0": [1], "1": [4, 16], "2": [4, 16], "3": [4, 16] }
    },
    "/home/gestalt/Desktop/REPOS/jonathan-verdun-portfolio/src/app/not-found.tsx": {
      "path": "/home/gestalt/Desktop/REPOS/jonathan-verdun-portfolio/src/app/not-found.tsx",
      "statementMap": {
        "0": { "start": { "line": 3, "column": 24 }, "end": { "line": 3, "column": null } },
        "1": { "start": { "line": 1, "column": 17 }, "end": { "line": 1, "column": null } }
      },
      "fnMap": {
        "0": {
          "name": "NotFound",
          "decl": { "start": { "line": 3, "column": 24 }, "end": { "line": 3, "column": null } },
          "loc": { "start": { "line": 3, "column": 24 }, "end": { "line": 38, "column": null } }
        }
      },
      "branchMap": {},
      "s": { "0": 4, "1": 1 },
      "f": { "0": 4 },
      "b": {}
    },
    "/home/gestalt/Desktop/REPOS/jonathan-verdun-portfolio/src/app/global-error.tsx": {
      "path": "/home/gestalt/Desktop/REPOS/jonathan-verdun-portfolio/src/app/global-error.tsx",
      "statementMap": {
        "0": { "start": { "line": 11, "column": 24 }, "end": { "line": 11, "column": 36 } },
        "1": { "start": { "line": 3, "column": 17 }, "end": { "line": 3, "column": null } },
        "2": { "start": { "line": 4, "column": 26 }, "end": { "line": 4, "column": null } },
        "3": { "start": { "line": 12, "column": 2 }, "end": { "line": 14, "column": null } },
        "4": { "start": { "line": 13, "column": 4 }, "end": { "line": 13, "column": null } }
      },
      "fnMap": {
        "0": {
          "name": "GlobalError",
          "decl": { "start": { "line": 11, "column": 24 }, "end": { "line": 11, "column": 36 } },
          "loc": { "start": { "line": 11, "column": 70 }, "end": { "line": 61, "column": null } }
        },
        "1": {
          "name": "(anonymous_3)",
          "decl": { "start": { "line": 12, "column": 12 }, "end": { "line": 12, "column": null } },
          "loc": { "start": { "line": 12, "column": 12 }, "end": { "line": 14, "column": 5 } }
        }
      },
      "branchMap": {
        "0": {
          "loc": { "start": { "line": 28, "column": 15 }, "end": { "line": 28, "column": 27 } },
          "type": "binary-expr",
          "locations": [
            { "start": { "line": 28, "column": 15 }, "end": { "line": 28, "column": 27 } }
          ]
        }
      },
      "s": { "0": 6, "1": 1, "2": 1, "3": 6, "4": 6 },
      "f": { "0": 6, "1": 6 },
      "b": { "0": [6] }
    },
    "/home/gestalt/Desktop/REPOS/jonathan-verdun-portfolio/src/app/(en)/layout.tsx": {
      "path": "/home/gestalt/Desktop/REPOS/jonathan-verdun-portfolio/src/app/(en)/layout.tsx",
      "statementMap": {
        "0": { "start": { "line": 11, "column": 24 }, "end": { "line": 11, "column": 33 } },
        "1": { "start": { "line": 9, "column": 13 }, "end": { "line": 9, "column": 24 } },
        "2": { "start": { "line": 7, "column": 13 }, "end": { "line": 7, "column": 34 } },
        "3": { "start": { "line": 2, "column": 7 }, "end": { "line": 2, "column": null } },
        "4": { "start": { "line": 3, "column": 30 }, "end": { "line": 3, "column": null } },
        "5": { "start": { "line": 4, "column": 47 }, "end": { "line": 4, "column": null } },
        "6": { "start": { "line": 5, "column": 26 }, "end": { "line": 5, "column": null } },
        "7": { "start": { "line": 7, "column": 34 }, "end": { "line": 7, "column": 49 } },
        "8": { "start": { "line": 9, "column": 24 }, "end": { "line": 9, "column": null } }
      },
      "fnMap": {
        "0": {
          "name": "EnLayout",
          "decl": { "start": { "line": 11, "column": 24 }, "end": { "line": 11, "column": 33 } },
          "loc": { "start": { "line": 15, "column": 2 }, "end": { "line": 23, "column": null } }
        }
      },
      "branchMap": {},
      "s": { "0": 3, "1": 5, "2": 1, "3": 1, "4": 1, "5": 1, "6": 1, "7": 1, "8": 1 },
      "f": { "0": 3 },
      "b": {}
    },
    "/home/gestalt/Desktop/REPOS/jonathan-verdun-portfolio/src/lib/fonts.ts": {
      "path": "/home/gestalt/Desktop/REPOS/jonathan-verdun-portfolio/src/lib/fonts.ts",
      "statementMap": {
        "0": { "start": { "line": 3, "column": 13 }, "end": { "line": 3, "column": 29 } },
        "1": { "start": { "line": 1, "column": 31 }, "end": { "line": 1, "column": null } },
        "2": { "start": { "line": 3, "column": 29 }, "end": { "line": 6, "column": null } }
      },
      "fnMap": {},
      "branchMap": {},
      "s": { "0": 6, "1": 2, "2": 2 },
      "f": {},
      "b": {}
    },
    "/home/gestalt/Desktop/REPOS/jonathan-verdun-portfolio/src/components/RootShell.tsx": {
      "path": "/home/gestalt/Desktop/REPOS/jonathan-verdun-portfolio/src/components/RootShell.tsx",
      "statementMap": {
        "0": { "start": { "line": 6, "column": 16 }, "end": { "line": 6, "column": 26 } },
        "1": { "start": { "line": 2, "column": 44 }, "end": { "line": 2, "column": null } },
        "2": { "start": { "line": 3, "column": 31 }, "end": { "line": 3, "column": null } },
        "3": { "start": { "line": 4, "column": 29 }, "end": { "line": 4, "column": null } }
      },
      "fnMap": {
        "0": {
          "name": "RootShell",
          "decl": { "start": { "line": 6, "column": 16 }, "end": { "line": 6, "column": 26 } },
          "loc": { "start": { "line": 6, "column": 63 }, "end": { "line": 28, "column": null } }
        }
      },
      "branchMap": {},
      "s": { "0": 6, "1": 2, "2": 2, "3": 2 },
      "f": { "0": 6 },
      "b": {}
    },
    "/home/gestalt/Desktop/REPOS/jonathan-verdun-portfolio/src/app/(es)/layout.tsx": {
      "path": "/home/gestalt/Desktop/REPOS/jonathan-verdun-portfolio/src/app/(es)/layout.tsx",
      "statementMap": {
        "0": { "start": { "line": 11, "column": 24 }, "end": { "line": 11, "column": 33 } },
        "1": { "start": { "line": 9, "column": 13 }, "end": { "line": 9, "column": 24 } },
        "2": { "start": { "line": 7, "column": 13 }, "end": { "line": 7, "column": 34 } },
        "3": { "start": { "line": 2, "column": 7 }, "end": { "line": 2, "column": null } },
        "4": { "start": { "line": 3, "column": 30 }, "end": { "line": 3, "column": null } },
        "5": { "start": { "line": 4, "column": 47 }, "end": { "line": 4, "column": null } },
        "6": { "start": { "line": 5, "column": 26 }, "end": { "line": 5, "column": null } },
        "7": { "start": { "line": 7, "column": 34 }, "end": { "line": 7, "column": 49 } },
        "8": { "start": { "line": 9, "column": 24 }, "end": { "line": 9, "column": null } }
      },
      "fnMap": {
        "0": {
          "name": "EsLayout",
          "decl": { "start": { "line": 11, "column": 24 }, "end": { "line": 11, "column": 33 } },
          "loc": { "start": { "line": 15, "column": 2 }, "end": { "line": 23, "column": null } }
        }
      },
      "branchMap": {},
      "s": { "0": 3, "1": 3, "2": 1, "3": 1, "4": 1, "5": 1, "6": 1, "7": 1, "8": 1 },
      "f": { "0": 3 },
      "b": {}
    },
    "/home/gestalt/Desktop/REPOS/jonathan-verdun-portfolio/src/app/error.tsx": {
      "path": "/home/gestalt/Desktop/REPOS/jonathan-verdun-portfolio/src/app/error.tsx",
      "statementMap": {
        "0": { "start": { "line": 11, "column": 24 }, "end": { "line": 11, "column": 36 } },
        "1": { "start": { "line": 3, "column": 17 }, "end": { "line": 3, "column": null } },
        "2": { "start": { "line": 4, "column": 26 }, "end": { "line": 4, "column": null } },
        "3": { "start": { "line": 12, "column": 2 }, "end": { "line": 14, "column": null } },
        "4": { "start": { "line": 13, "column": 4 }, "end": { "line": 13, "column": null } }
      },
      "fnMap": {
        "0": {
          "name": "GlobalError",
          "decl": { "start": { "line": 11, "column": 24 }, "end": { "line": 11, "column": 36 } },
          "loc": { "start": { "line": 11, "column": 64 }, "end": { "line": 57, "column": null } }
        },
        "1": {
          "name": "(anonymous_3)",
          "decl": { "start": { "line": 12, "column": 12 }, "end": { "line": 12, "column": null } },
          "loc": { "start": { "line": 12, "column": 12 }, "end": { "line": 14, "column": 5 } }
        }
      },
      "branchMap": {
        "0": {
          "loc": { "start": { "line": 26, "column": 11 }, "end": { "line": 26, "column": 23 } },
          "type": "binary-expr",
          "locations": [
            { "start": { "line": 26, "column": 11 }, "end": { "line": 26, "column": 23 } }
          ]
        }
      },
      "s": { "0": 6, "1": 1, "2": 1, "3": 6, "4": 6 },
      "f": { "0": 6, "1": 6 },
      "b": { "0": [6] }
    },
    "/home/gestalt/Desktop/REPOS/jonathan-verdun-portfolio/src/components/MotionProvider.tsx": {
      "path": "/home/gestalt/Desktop/REPOS/jonathan-verdun-portfolio/src/components/MotionProvider.tsx",
      "statementMap": {
        "0": { "start": { "line": 8, "column": 16 }, "end": { "line": 8, "column": 31 } },
        "1": { "start": { "line": 3, "column": 18 }, "end": { "line": 3, "column": null } },
        "2": { "start": { "line": 4, "column": 41 }, "end": { "line": 4, "column": null } },
        "3": { "start": { "line": 6, "column": 21 }, "end": { "line": 6, "column": null } },
        "4": { "start": { "line": 6, "column": 27 }, "end": { "line": 6, "column": null } },
        "5": { "start": { "line": 6, "column": 27 }, "end": { "line": 6, "column": 51 } },
        "6": { "start": { "line": 6, "column": 63 }, "end": { "line": 6, "column": 77 } }
      },
      "fnMap": {
        "0": {
          "name": "(anonymous_5)",
          "decl": { "start": { "line": 6, "column": 21 }, "end": { "line": 6, "column": 27 } },
          "loc": { "start": { "line": 6, "column": 27 }, "end": { "line": 6, "column": null } }
        },
        "1": {
          "name": "(anonymous_6)",
          "decl": { "start": { "line": 6, "column": 27 }, "end": { "line": 6, "column": 34 } },
          "loc": { "start": { "line": 6, "column": 27 }, "end": { "line": 6, "column": 51 } }
        },
        "2": {
          "name": "(anonymous_7)",
          "decl": { "start": { "line": 6, "column": 56 }, "end": { "line": 6, "column": 57 } },
          "loc": { "start": { "line": 6, "column": 63 }, "end": { "line": 6, "column": 77 } }
        },
        "3": {
          "name": "MotionProvider",
          "decl": { "start": { "line": 8, "column": 16 }, "end": { "line": 8, "column": 31 } },
          "loc": { "start": { "line": 8, "column": 74 }, "end": { "line": 14, "column": null } }
        }
      },
      "branchMap": {},
      "s": { "0": 2, "1": 1, "2": 1, "3": 1, "4": 2, "5": 2, "6": 2 },
      "f": { "0": 2, "1": 2, "2": 2, "3": 2 },
      "b": {}
    }
  }
}
